@ Sat Aug 03 2019 00:21:46 GMT+0100 (West Africa Standard Time) -- [ A new account just signed up, "@wizguy007" ]
@ Sat Aug 03 2019 00:22:38 GMT+0100 (West Africa Standard Time) -- [ "wizguy007" has signed in. ]
@ Sat Aug 03 2019 00:22:38 GMT+0100 (West Africa Standard Time) -- [ "wizguy007" is active ]
@ Sat Aug 03 2019 01:01:47 GMT+0100 (West Africa Standard Time) -- [ "wizguy007" has signed in. ]
@ Sat Aug 03 2019 01:01:47 GMT+0100 (West Africa Standard Time) -- [ "wizguy007" is active ]
@ Sat Aug 03 2019 01:02:20 GMT+0100 (West Africa Standard Time) -- [ "wizguy007" is active ]
@ Sat Aug 03 2019 01:02:36 GMT+0100 (West Africa Standard Time) -- [ "wizguy007" is active ]
@ Sat Aug 03 2019 01:06:04 GMT+0100 (West Africa Standard Time) -- [ "wizguy007" has signed in. ]
@ Sat Aug 03 2019 01:06:04 GMT+0100 (West Africa Standard Time) -- [ "wizguy007" is active ]
@ Sat Aug 03 2019 01:06:11 GMT+0100 (West Africa Standard Time) -- [ "wizguy007" is active ]
@ Sat Aug 03 2019 01:07:26 GMT+0100 (West Africa Standard Time) -- [ "wizguy007" is active ]
@ Sat Aug 03 2019 01:10:20 GMT+0100 (West Africa Standard Time) -- [ "wizguy007" has signed in. ]
@ Sat Aug 03 2019 01:10:20 GMT+0100 (West Africa Standard Time) -- [ "wizguy007" is active ]
@ Sat Aug 03 2019 01:10:25 GMT+0100 (West Africa Standard Time) -- [ "wizguy007" is active ]
@ Sat Aug 03 2019 01:11:16 GMT+0100 (West Africa Standard Time) -- [ "wizguy007" is active ]
@ Sat Aug 03 2019 01:11:54 GMT+0100 (West Africa Standard Time) -- [ "wizguy007" is active ]
@ Sat Aug 03 2019 01:12:53 GMT+0100 (West Africa Standard Time) -- [ "wizguy007" has signed in. ]
@ Sat Aug 03 2019 01:12:53 GMT+0100 (West Africa Standard Time) -- [ "wizguy007" is active ]
@ Sat Aug 03 2019 01:12:56 GMT+0100 (West Africa Standard Time) -- [ "wizguy007" is active ]
@ Sat Aug 03 2019 01:14:07 GMT+0100 (West Africa Standard Time) -- [ "wizguy007" has signed in. ]
@ Sat Aug 03 2019 01:14:07 GMT+0100 (West Africa Standard Time) -- [ "wizguy007" is active ]
@ Sat Aug 03 2019 01:14:09 GMT+0100 (West Africa Standard Time) -- [ "wizguy007" is active ]
@ Sat Aug 03 2019 01:15:33 GMT+0100 (West Africa Standard Time) -- [ "wizguy007" is active ]
@ Sat Aug 03 2019 01:16:32 GMT+0100 (West Africa Standard Time) -- [ "wizguy007" has signed in. ]
@ Sat Aug 03 2019 01:16:32 GMT+0100 (West Africa Standard Time) -- [ "wizguy007" is active ]
@ Sat Aug 03 2019 01:16:34 GMT+0100 (West Africa Standard Time) -- [ "wizguy007" is active ]
@ Sat Aug 03 2019 01:16:49 GMT+0100 (West Africa Standard Time) -- [ "wizguy007" is active ]
@ Sat Aug 03 2019 01:16:51 GMT+0100 (West Africa Standard Time) -- [ "wizguy007" is active ]
@ Sat Aug 03 2019 01:16:51 GMT+0100 (West Africa Standard Time) -- [ "wizguy007" is active ]
@ Sat Aug 03 2019 01:16:52 GMT+0100 (West Africa Standard Time) -- [ "wizguy007" is active ]
@ Sat Aug 03 2019 01:16:55 GMT+0100 (West Africa Standard Time) -- [ "wizguy007" is active ]
@ Sat Aug 03 2019 01:16:58 GMT+0100 (West Africa Standard Time) -- [ "wizguy007" is active ]
@ Sat Aug 03 2019 01:17:00 GMT+0100 (West Africa Standard Time) -- [ "wizguy007" is active ]
@ Sat Aug 03 2019 01:17:09 GMT+0100 (West Africa Standard Time) -- [ "wizguy007" is active ]
@ Sat Aug 03 2019 01:17:10 GMT+0100 (West Africa Standard Time) -- [ "wizguy007" is active ]
@ Sat Aug 03 2019 01:17:11 GMT+0100 (West Africa Standard Time) -- [ "wizguy007" is active ]
@ Sat Aug 03 2019 01:17:11 GMT+0100 (West Africa Standard Time) -- [ "wizguy007" is active ]
@ Sat Aug 03 2019 01:17:11 GMT+0100 (West Africa Standard Time) -- [ "wizguy007" is active ]
@ Sat Aug 03 2019 01:17:11 GMT+0100 (West Africa Standard Time) -- [ "wizguy007" is active ]
@ Sat Aug 03 2019 01:17:12 GMT+0100 (West Africa Standard Time) -- [ "wizguy007" is active ]
@ Sat Aug 03 2019 01:17:12 GMT+0100 (West Africa Standard Time) -- [ "wizguy007" is active ]
@ Sat Aug 03 2019 01:17:12 GMT+0100 (West Africa Standard Time) -- [ "wizguy007" is active ]
@ Sat Aug 03 2019 01:17:12 GMT+0100 (West Africa Standard Time) -- [ "wizguy007" is active ]
@ Sat Aug 03 2019 01:17:32 GMT+0100 (West Africa Standard Time) -- [ "wizguy007" is active ]
@ Sat Aug 03 2019 01:17:33 GMT+0100 (West Africa Standard Time) -- [ "wizguy007" is active ]
@ Sat Aug 03 2019 01:17:35 GMT+0100 (West Africa Standard Time) -- [ "wizguy007" is active ]
@ Sat Aug 03 2019 01:17:38 GMT+0100 (West Africa Standard Time) -- [ "wizguy007" is active ]
@ Sat Aug 03 2019 01:17:39 GMT+0100 (West Africa Standard Time) -- [ "wizguy007" is active ]
@ Sat Aug 03 2019 01:17:58 GMT+0100 (West Africa Standard Time) -- [ "wizguy007" is active ]
@ Sat Aug 03 2019 01:17:59 GMT+0100 (West Africa Standard Time) -- [ "wizguy007" is active ]
@ Sat Aug 03 2019 01:18:00 GMT+0100 (West Africa Standard Time) -- [ "wizguy007" is active ]
@ Sat Aug 03 2019 01:18:20 GMT+0100 (West Africa Standard Time) -- [ "wizguy007" has signed in. ]
@ Sat Aug 03 2019 01:18:20 GMT+0100 (West Africa Standard Time) -- [ "wizguy007" is active ]
@ Sat Aug 03 2019 01:18:21 GMT+0100 (West Africa Standard Time) -- [ "wizguy007" is active ]
@ Sat Aug 03 2019 01:18:56 GMT+0100 (West Africa Standard Time) -- [ "wizguy007" is active ]
@ Sat Aug 03 2019 01:18:57 GMT+0100 (West Africa Standard Time) -- [ "wizguy007" is active ]
@ Sat Aug 03 2019 01:24:28 GMT+0100 (West Africa Standard Time) -- [ "wizguy007" is active ]
@ Sat Aug 03 2019 01:24:43 GMT+0100 (West Africa Standard Time) -- [ "wizguy007" is active ]
@ Sat Aug 03 2019 01:24:55 GMT+0100 (West Africa Standard Time) -- [ "wizguy007" is active ]
@ Sat Aug 03 2019 01:24:56 GMT+0100 (West Africa Standard Time) -- [ "wizguy007" is active ]
@ Sat Aug 03 2019 01:24:57 GMT+0100 (West Africa Standard Time) -- [ "wizguy007" is active ]
@ Sat Aug 03 2019 01:26:06 GMT+0100 (West Africa Standard Time) -- [ "wizguy007" has signed in. ]
@ Sat Aug 03 2019 01:26:06 GMT+0100 (West Africa Standard Time) -- [ "wizguy007" is active ]
@ Sat Aug 03 2019 01:26:08 GMT+0100 (West Africa Standard Time) -- [ "wizguy007" is active ]
@ Sat Aug 03 2019 01:26:39 GMT+0100 (West Africa Standard Time) -- [ "wizguy007" is active ]
@ Sat Aug 03 2019 01:27:41 GMT+0100 (West Africa Standard Time) -- [ "wizguy007" is active ]
@ Sat Aug 03 2019 01:27:54 GMT+0100 (West Africa Standard Time) -- [ "wizguy007" is active ]
@ Sat Aug 03 2019 01:27:57 GMT+0100 (West Africa Standard Time) -- [ "wizguy007" is active ]
@ Sat Aug 03 2019 01:28:54 GMT+0100 (West Africa Standard Time) -- [ "wizguy007" is active ]
@ Sat Aug 03 2019 01:29:56 GMT+0100 (West Africa Standard Time) -- [ "wizguy007" has signed in. ]
@ Sat Aug 03 2019 01:29:56 GMT+0100 (West Africa Standard Time) -- [ "wizguy007" is active ]
@ Sat Aug 03 2019 01:30:00 GMT+0100 (West Africa Standard Time) -- [ "wizguy007" is active ]
@ Sat Aug 03 2019 01:30:26 GMT+0100 (West Africa Standard Time) -- [ "wizguy007" is active ]
@ Sat Aug 03 2019 01:30:27 GMT+0100 (West Africa Standard Time) -- [ "wizguy007" is active ]
@ Sat Aug 03 2019 01:30:33 GMT+0100 (West Africa Standard Time) -- [ "wizguy007" is active ]
@ Sat Aug 03 2019 01:30:38 GMT+0100 (West Africa Standard Time) -- [ "wizguy007" is active ]
@ Sat Aug 03 2019 01:31:04 GMT+0100 (West Africa Standard Time) -- [ "wizguy007" has signed in. ]
@ Sat Aug 03 2019 01:31:04 GMT+0100 (West Africa Standard Time) -- [ "wizguy007" is active ]
@ Sat Aug 03 2019 01:31:06 GMT+0100 (West Africa Standard Time) -- [ "wizguy007" is active ]
@ Sat Aug 03 2019 01:31:50 GMT+0100 (West Africa Standard Time) -- [ "wizguy007" is active ]
@ Sat Aug 03 2019 01:31:52 GMT+0100 (West Africa Standard Time) -- [ "wizguy007" is active ]
@ Sat Aug 03 2019 01:32:56 GMT+0100 (West Africa Standard Time) -- [ "wizguy007" has signed in. ]
@ Sat Aug 03 2019 01:32:56 GMT+0100 (West Africa Standard Time) -- [ "wizguy007" is active ]
@ Sat Aug 03 2019 01:32:59 GMT+0100 (West Africa Standard Time) -- [ "wizguy007" is active ]
@ Sat Aug 03 2019 01:33:32 GMT+0100 (West Africa Standard Time) -- [ "wizguy007" has signed in. ]
@ Sat Aug 03 2019 01:33:32 GMT+0100 (West Africa Standard Time) -- [ "wizguy007" is active ]
@ Sat Aug 03 2019 01:34:16 GMT+0100 (West Africa Standard Time) -- [ "wizguy007" has signed in. ]
@ Sat Aug 03 2019 01:34:16 GMT+0100 (West Africa Standard Time) -- [ "wizguy007" is active ]
@ Sat Aug 03 2019 01:34:18 GMT+0100 (West Africa Standard Time) -- [ "wizguy007" is active ]
@ Sat Aug 03 2019 01:36:25 GMT+0100 (West Africa Standard Time) -- [ "wizguy007" has signed in. ]
@ Sat Aug 03 2019 01:36:25 GMT+0100 (West Africa Standard Time) -- [ "wizguy007" is active ]
@ Sat Aug 03 2019 01:36:27 GMT+0100 (West Africa Standard Time) -- [ "wizguy007" is active ]
@ Sat Aug 03 2019 01:38:12 GMT+0100 (West Africa Standard Time) -- [ "wizguy007" has signed in. ]
@ Sat Aug 03 2019 01:38:12 GMT+0100 (West Africa Standard Time) -- [ "wizguy007" is active ]
@ Sat Aug 03 2019 01:38:13 GMT+0100 (West Africa Standard Time) -- [ "wizguy007" is active ]
@ Sat Aug 03 2019 02:16:01 GMT+0100 (West Africa Standard Time) -- [ "wizguy007" has signed in. ]
@ Sat Aug 03 2019 02:16:01 GMT+0100 (West Africa Standard Time) -- [ "wizguy007" is active ]
@ Sat Aug 03 2019 02:16:03 GMT+0100 (West Africa Standard Time) -- [ "wizguy007" is active ]
@ Sat Aug 03 2019 12:55:55 GMT+0100 (West Africa Standard Time) -- [ "wizguy007" has signed in. ]
@ Sat Aug 03 2019 12:55:56 GMT+0100 (West Africa Standard Time) -- [ "wizguy007" is active ]
@ Sat Aug 03 2019 12:55:58 GMT+0100 (West Africa Standard Time) -- [ "wizguy007" is active ]
@ Sat Aug 03 2019 13:41:35 GMT+0100 (West Africa Standard Time) -- [ "wizguy007" has signed in. ]
@ Sat Aug 03 2019 13:41:35 GMT+0100 (West Africa Standard Time) -- [ "wizguy007" is active ]
@ Sat Aug 03 2019 13:42:03 GMT+0100 (West Africa Standard Time) -- [ "wizguy007" has signed in. ]
@ Sat Aug 03 2019 13:42:03 GMT+0100 (West Africa Standard Time) -- [ "wizguy007" is active ]
@ Sat Aug 03 2019 13:48:31 GMT+0100 (West Africa Standard Time) -- [ "wizguy007" has signed in. ]
@ Sat Aug 03 2019 13:49:32 GMT+0100 (West Africa Standard Time) -- [ "wizguy007" has signed in. ]
@ Sat Aug 03 2019 13:49:32 GMT+0100 (West Africa Standard Time) -- [ "wizguy007" is active ]
@ Sat Aug 03 2019 13:52:32 GMT+0100 (West Africa Standard Time) -- [ "wizguy007" has signed in. ]
@ Sat Aug 03 2019 13:52:32 GMT+0100 (West Africa Standard Time) -- [ "wizguy007" is active ]
@ Sat Aug 03 2019 13:54:37 GMT+0100 (West Africa Standard Time) -- [ "wizguy007" has signed in. ]
@ Sat Aug 03 2019 13:54:37 GMT+0100 (West Africa Standard Time) -- [ "wizguy007" is active ]
@ Sat Aug 03 2019 13:54:42 GMT+0100 (West Africa Standard Time) -- [ "wizguy007" is active ]
@ Sat Aug 03 2019 13:54:45 GMT+0100 (West Africa Standard Time) -- [ "wizguy007" is active ]
@ Sat Aug 03 2019 13:56:01 GMT+0100 (West Africa Standard Time) -- [ "wizguy007" has signed in. ]
@ Sat Aug 03 2019 13:56:01 GMT+0100 (West Africa Standard Time) -- [ "wizguy007" is active ]
@ Sat Aug 03 2019 13:56:04 GMT+0100 (West Africa Standard Time) -- [ "wizguy007" is active ]
@ Sat Aug 03 2019 13:57:49 GMT+0100 (West Africa Standard Time) -- [ "wizguy007" has signed in. ]
@ Sat Aug 03 2019 13:57:49 GMT+0100 (West Africa Standard Time) -- [ "wizguy007" is active ]
@ Sat Aug 03 2019 13:58:18 GMT+0100 (West Africa Standard Time) -- [ "wizguy007" has signed in. ]
@ Sat Aug 03 2019 13:58:18 GMT+0100 (West Africa Standard Time) -- [ "wizguy007" is active ]
@ Sat Aug 03 2019 13:58:22 GMT+0100 (West Africa Standard Time) -- [ "wizguy007" is active ]
@ Sat Aug 03 2019 14:03:33 GMT+0100 (West Africa Standard Time) -- [ "wizguy007" has signed in. ]
@ Sat Aug 03 2019 14:03:33 GMT+0100 (West Africa Standard Time) -- [ "wizguy007" is active ]
@ Sat Aug 03 2019 14:03:38 GMT+0100 (West Africa Standard Time) -- [ "wizguy007" is active ]
@ Sat Aug 03 2019 14:04:22 GMT+0100 (West Africa Standard Time) -- [ "wizguy007" has signed in. ]
@ Sat Aug 03 2019 14:04:22 GMT+0100 (West Africa Standard Time) -- [ "wizguy007" is active ]
@ Sat Aug 03 2019 14:06:44 GMT+0100 (West Africa Standard Time) -- [ "wizguy007" is active ]
@ Sat Aug 03 2019 14:06:48 GMT+0100 (West Africa Standard Time) -- [ "wizguy007" is active ]
@ Sat Aug 03 2019 14:32:44 GMT+0100 (West Africa Standard Time) -- [ "wizguy007" has signed in. ]
@ Sat Aug 03 2019 14:32:44 GMT+0100 (West Africa Standard Time) -- [ "wizguy007" is active ]
@ Sat Aug 03 2019 14:32:52 GMT+0100 (West Africa Standard Time) -- [ "wizguy007" is active ]
@ Sat Aug 03 2019 14:33:12 GMT+0100 (West Africa Standard Time) -- [ "wizguy007" has signed in. ]
@ Sat Aug 03 2019 14:33:12 GMT+0100 (West Africa Standard Time) -- [ "wizguy007" is active ]
@ Sat Aug 03 2019 14:33:19 GMT+0100 (West Africa Standard Time) -- [ "wizguy007" is active ]
@ Sat Aug 03 2019 14:33:26 GMT+0100 (West Africa Standard Time) -- [ "wizguy007" is active ]
@ Sat Aug 03 2019 14:34:06 GMT+0100 (West Africa Standard Time) -- [ "wizguy007" has signed in. ]
@ Sat Aug 03 2019 14:34:06 GMT+0100 (West Africa Standard Time) -- [ "wizguy007" is active ]
@ Sat Aug 03 2019 14:34:14 GMT+0100 (West Africa Standard Time) -- [ "wizguy007" is active ]
@ Sat Aug 03 2019 14:34:19 GMT+0100 (West Africa Standard Time) -- [ "wizguy007" is active ]
@ Sat Aug 03 2019 14:34:25 GMT+0100 (West Africa Standard Time) -- [ "wizguy007" is active ]
@ Sat Aug 03 2019 14:35:46 GMT+0100 (West Africa Standard Time) -- [ "wizguy007" has signed in. ]
@ Sat Aug 03 2019 14:35:46 GMT+0100 (West Africa Standard Time) -- [ "wizguy007" is active ]
@ Sat Aug 03 2019 14:36:30 GMT+0100 (West Africa Standard Time) -- [ "wizguy007" has signed in. ]
@ Sat Aug 03 2019 14:36:30 GMT+0100 (West Africa Standard Time) -- [ "wizguy007" is active ]
@ Sat Aug 03 2019 14:45:10 GMT+0100 (West Africa Standard Time) -- [ "wizguy007" has signed in. ]
@ Sat Aug 03 2019 14:45:10 GMT+0100 (West Africa Standard Time) -- [ "wizguy007" is active ]
@ Sat Aug 03 2019 14:45:53 GMT+0100 (West Africa Standard Time) -- [ "wizguy007" is active ]
@ Sat Aug 03 2019 14:45:53 GMT+0100 (West Africa Standard Time) -- [ "wizguy007" is active ]
@ Sat Aug 03 2019 14:46:07 GMT+0100 (West Africa Standard Time) -- [ "wizguy007" is active ]
@ Sat Aug 03 2019 14:47:14 GMT+0100 (West Africa Standard Time) -- [ "wizguy007" is active ]
@ Sat Aug 03 2019 14:47:57 GMT+0100 (West Africa Standard Time) -- [ "wizguy007" is active ]
@ Sat Aug 03 2019 14:56:23 GMT+0100 (West Africa Standard Time) -- [ "wizguy007" has signed in. ]
@ Sat Aug 03 2019 14:56:23 GMT+0100 (West Africa Standard Time) -- [ "wizguy007" is active ]
@ Sat Aug 03 2019 14:56:27 GMT+0100 (West Africa Standard Time) -- [ "wizguy007" is active ]
@ Sat Aug 03 2019 14:56:40 GMT+0100 (West Africa Standard Time) -- [ "wizguy007" is active ]
@ Sat Aug 03 2019 14:56:57 GMT+0100 (West Africa Standard Time) -- [ "wizguy007" is active ]
@ Sat Aug 03 2019 14:57:19 GMT+0100 (West Africa Standard Time) -- [ "wizguy007" is active ]
@ Sat Aug 03 2019 14:57:24 GMT+0100 (West Africa Standard Time) -- [ "wizguy007" is active ]
@ Sat Aug 03 2019 14:57:27 GMT+0100 (West Africa Standard Time) -- [ "wizguy007" is active ]
@ Sat Aug 03 2019 15:07:15 GMT+0100 (West Africa Standard Time) -- [ "wizguy007" has signed in. ]
@ Sat Aug 03 2019 15:07:15 GMT+0100 (West Africa Standard Time) -- [ "wizguy007" is active ]
@ Sat Aug 03 2019 15:07:16 GMT+0100 (West Africa Standard Time) -- [ "wizguy007" is active ]
@ Sat Aug 03 2019 15:08:53 GMT+0100 (West Africa Standard Time) -- [ "wizguy007" has signed in. ]
@ Sat Aug 03 2019 15:08:53 GMT+0100 (West Africa Standard Time) -- [ "wizguy007" is active ]
@ Sat Aug 03 2019 15:08:54 GMT+0100 (West Africa Standard Time) -- [ "wizguy007" is active ]
@ Sat Aug 03 2019 15:08:58 GMT+0100 (West Africa Standard Time) -- [ "wizguy007" is active ]
@ Sat Aug 03 2019 15:08:59 GMT+0100 (West Africa Standard Time) -- [ "wizguy007" is active ]
@ Sat Aug 03 2019 15:09:01 GMT+0100 (West Africa Standard Time) -- [ "wizguy007" is active ]
@ Sat Aug 03 2019 15:09:02 GMT+0100 (West Africa Standard Time) -- [ "wizguy007" is active ]
@ Sat Aug 03 2019 15:11:40 GMT+0100 (West Africa Standard Time) -- [ "wizguy007" has signed in. ]
@ Sat Aug 03 2019 15:11:40 GMT+0100 (West Africa Standard Time) -- [ "wizguy007" is active ]
@ Sat Aug 03 2019 15:11:43 GMT+0100 (West Africa Standard Time) -- [ "wizguy007" is active ]
@ Sat Aug 03 2019 15:11:59 GMT+0100 (West Africa Standard Time) -- [ "wizguy007" is active ]
@ Sat Aug 03 2019 15:12:06 GMT+0100 (West Africa Standard Time) -- [ "wizguy007" is active ]
@ Sat Aug 03 2019 15:12:23 GMT+0100 (West Africa Standard Time) -- [ "wizguy007" is active ]
@ Sat Aug 03 2019 15:12:26 GMT+0100 (West Africa Standard Time) -- [ "wizguy007" is active ]
@ Sat Aug 03 2019 15:12:37 GMT+0100 (West Africa Standard Time) -- [ "wizguy007" is active ]
@ Sat Aug 03 2019 15:12:43 GMT+0100 (West Africa Standard Time) -- [ "wizguy007" is active ]
@ Sat Aug 03 2019 15:12:46 GMT+0100 (West Africa Standard Time) -- [ "wizguy007" is active ]
@ Sat Aug 03 2019 15:12:49 GMT+0100 (West Africa Standard Time) -- [ "wizguy007" is active ]
@ Sat Aug 03 2019 15:13:43 GMT+0100 (West Africa Standard Time) -- [ "wizguy007" has signed in. ]
@ Sat Aug 03 2019 15:13:43 GMT+0100 (West Africa Standard Time) -- [ "wizguy007" is active ]
@ Sat Aug 03 2019 15:13:45 GMT+0100 (West Africa Standard Time) -- [ "wizguy007" is active ]
@ Sat Aug 03 2019 15:13:46 GMT+0100 (West Africa Standard Time) -- [ "wizguy007" is active ]
@ Sat Aug 03 2019 15:13:48 GMT+0100 (West Africa Standard Time) -- [ "wizguy007" is active ]
@ Sat Aug 03 2019 15:13:49 GMT+0100 (West Africa Standard Time) -- [ "wizguy007" is active ]
@ Sat Aug 03 2019 15:13:51 GMT+0100 (West Africa Standard Time) -- [ "wizguy007" is active ]
@ Sat Aug 03 2019 15:13:52 GMT+0100 (West Africa Standard Time) -- [ "wizguy007" is active ]
@ Sat Aug 03 2019 15:13:54 GMT+0100 (West Africa Standard Time) -- [ "wizguy007" is active ]
@ Sat Aug 03 2019 15:13:59 GMT+0100 (West Africa Standard Time) -- [ "wizguy007" is active ]
@ Sun Aug 04 2019 01:06:54 GMT+0100 (West Africa Standard Time) -- [ "wizguy007" has signed in. ]
@ Sun Aug 04 2019 01:11:56 GMT+0100 (West Africa Standard Time) -- [ "wizguy007" has signed in. ]
@ Sun Aug 04 2019 01:11:56 GMT+0100 (West Africa Standard Time) -- [ "wizguy007" is active ]
@ Sun Aug 04 2019 01:12:03 GMT+0100 (West Africa Standard Time) -- [ "wizguy007" is active ]
@ Sun Aug 04 2019 01:12:09 GMT+0100 (West Africa Standard Time) -- [ "wizguy007" has signed out. ]
@ Sun Aug 04 2019 14:17:27 GMT+0100 (West Africa Standard Time) -- [ "wizguy007" has signed in. ]
@ Sun Aug 04 2019 14:17:27 GMT+0100 (West Africa Standard Time) -- [ "wizguy007" is active ]
@ Sun Aug 04 2019 14:18:53 GMT+0100 (West Africa Standard Time) -- [ "wizguy007" has signed in. ]
@ Sun Aug 04 2019 14:18:53 GMT+0100 (West Africa Standard Time) -- [ "wizguy007" is active ]
@ Sun Aug 04 2019 14:22:42 GMT+0100 (West Africa Standard Time) -- [ "wizguy007" has signed in. ]
@ Sun Aug 04 2019 14:22:42 GMT+0100 (West Africa Standard Time) -- [ "wizguy007" is active ]
@ Sun Aug 04 2019 17:06:11 GMT+0100 (West Africa Standard Time) -- [ "wizguy007" has signed in. ]
@ Sun Aug 04 2019 17:06:11 GMT+0100 (West Africa Standard Time) -- [ "wizguy007" is active ]
@ Sun Aug 04 2019 17:23:51 GMT+0100 (West Africa Standard Time) -- [ "wizguy007" has signed in. ]
@ Sun Aug 04 2019 17:23:51 GMT+0100 (West Africa Standard Time) -- [ "wizguy007" is active ]
@ Sun Aug 04 2019 17:24:08 GMT+0100 (West Africa Standard Time) -- [ "wizguy007" is active ]
@ Sun Aug 04 2019 17:24:20 GMT+0100 (West Africa Standard Time) -- [ "wizguy007" is active ]
@ Sun Aug 04 2019 17:36:23 GMT+0100 (West Africa Standard Time) -- [ "wizguy007" has signed in. ]
@ Sun Aug 04 2019 17:36:23 GMT+0100 (West Africa Standard Time) -- [ "wizguy007" is active ]
@ Sun Aug 04 2019 17:36:29 GMT+0100 (West Africa Standard Time) -- [ "wizguy007" is active ]
@ Sun Aug 04 2019 17:47:47 GMT+0100 (West Africa Standard Time) -- [ "wizguy007" has signed in. ]
@ Sun Aug 04 2019 17:47:47 GMT+0100 (West Africa Standard Time) -- [ "wizguy007" is active ]
@ Sun Aug 04 2019 17:49:26 GMT+0100 (West Africa Standard Time) -- [ "wizguy007" has signed in. ]
@ Sun Aug 04 2019 17:49:26 GMT+0100 (West Africa Standard Time) -- [ "wizguy007" is active ]
@ Sun Aug 04 2019 18:18:03 GMT+0100 (West Africa Standard Time) -- [ "wizguy007" has signed in. ]
@ Sun Aug 04 2019 18:18:03 GMT+0100 (West Africa Standard Time) -- [ "wizguy007" is active ]
@ Sun Aug 04 2019 18:20:20 GMT+0100 (West Africa Standard Time) -- [ "wizguy007" has signed in. ]
@ Sun Aug 04 2019 18:20:20 GMT+0100 (West Africa Standard Time) -- [ "wizguy007" is active ]
@ Sun Aug 04 2019 18:24:32 GMT+0100 (West Africa Standard Time) -- [ "wizguy007" has signed in. ]
@ Sun Aug 04 2019 18:24:32 GMT+0100 (West Africa Standard Time) -- [ "wizguy007" is active ]
@ Sun Aug 04 2019 18:48:21 GMT+0100 (West Africa Standard Time) -- [ "wizguy007" has signed in. ]
@ Sun Aug 04 2019 18:48:21 GMT+0100 (West Africa Standard Time) -- [ "wizguy007" is active ]
@ Sun Aug 04 2019 19:36:14 GMT+0100 (West Africa Standard Time) -- [ "wizguy007" has signed in. ]
@ Sun Aug 04 2019 19:37:05 GMT+0100 (West Africa Standard Time) -- [ "wizguy007" has signed in. ]
@ Sun Aug 04 2019 19:37:05 GMT+0100 (West Africa Standard Time) -- [ "wizguy007" is active ]
@ Sun Aug 04 2019 19:46:13 GMT+0100 (West Africa Standard Time) -- [ "wizguy007" has signed in. ]
@ Sun Aug 04 2019 19:46:13 GMT+0100 (West Africa Standard Time) -- [ "wizguy007" is active ]
@ Sun Aug 04 2019 20:19:49 GMT+0100 (West Africa Standard Time) -- [ "wizguy007" has signed in. ]
@ Sun Aug 04 2019 20:19:49 GMT+0100 (West Africa Standard Time) -- [ "wizguy007" is active ]
@ Sun Aug 04 2019 20:37:45 GMT+0100 (West Africa Standard Time) -- [ "wizguy007" has signed in. ]
@ Sun Aug 04 2019 20:37:45 GMT+0100 (West Africa Standard Time) -- [ "wizguy007" is active ]
@ Sun Aug 04 2019 20:37:48 GMT+0100 (West Africa Standard Time) -- [ "wizguy007" is active ]
@ Sun Aug 04 2019 20:57:23 GMT+0100 (West Africa Standard Time) -- [ "wizguy007" has signed in. ]
@ Sun Aug 04 2019 20:57:42 GMT+0100 (West Africa Standard Time) -- [ "wizguy007" has signed in. ]
@ Sun Aug 04 2019 20:59:41 GMT+0100 (West Africa Standard Time) -- [ "wizguy007" has signed in. ]
@ Sun Aug 04 2019 20:59:41 GMT+0100 (West Africa Standard Time) -- [ "wizguy007" is active ]
@ Sun Aug 04 2019 21:00:44 GMT+0100 (West Africa Standard Time) -- [ "wizguy007" has signed out. ]
@ Sun Aug 04 2019 21:10:36 GMT+0100 (West Africa Standard Time) -- [ "wizguy007" has signed in. ]
@ Sun Aug 04 2019 21:10:36 GMT+0100 (West Africa Standard Time) -- [ "wizguy007" is active ]
@ Sun Aug 04 2019 21:11:25 GMT+0100 (West Africa Standard Time) -- [ "wizguy007" has signed out. ]
@ Sun Aug 04 2019 21:33:20 GMT+0100 (West Africa Standard Time) -- [ "wizguy007" has signed in. ]
@ Sun Aug 04 2019 21:33:20 GMT+0100 (West Africa Standard Time) -- [ "wizguy007" is active ]
@ Sun Aug 04 2019 21:33:24 GMT+0100 (West Africa Standard Time) -- [ "wizguy007" is active ]
@ Sun Aug 04 2019 21:33:37 GMT+0100 (West Africa Standard Time) -- [ "wizguy007" has signed out. ]
@ Sun Aug 04 2019 22:55:54 GMT+0100 (West Africa Standard Time) -- [ "wizguy007" has signed in. ]
@ Sun Aug 04 2019 22:55:54 GMT+0100 (West Africa Standard Time) -- [ "wizguy007" is active ]
@ Mon Aug 05 2019 18:35:44 GMT+0100 (West Africa Standard Time) -- [ "wizguy007" has signed in. ]
@ Mon Aug 05 2019 18:35:44 GMT+0100 (West Africa Standard Time) -- [ "wizguy007" is active ]
@ Mon Aug 05 2019 21:07:20 GMT+0100 (West Africa Standard Time) -- [ "wizguy007" has signed in. ]
@ Mon Aug 05 2019 21:07:20 GMT+0100 (West Africa Standard Time) -- [ "wizguy007" is active ]
@ Mon Aug 05 2019 21:07:20 GMT+0100 (West Africa Standard Time) -- [ "wizguy007" is active ]
@ Mon Aug 05 2019 21:07:22 GMT+0100 (West Africa Standard Time) -- [ "wizguy007" is active ]
@ Mon Aug 05 2019 21:07:30 GMT+0100 (West Africa Standard Time) -- [ "wizguy007" is active ]
@ Mon Aug 05 2019 21:07:30 GMT+0100 (West Africa Standard Time) -- [ "wizguy007" has signed out. ]
@ Mon Aug 05 2019 21:08:12 GMT+0100 (West Africa Standard Time) -- [ "wizguy007" has signed in. ]
@ Mon Aug 05 2019 21:08:12 GMT+0100 (West Africa Standard Time) -- [ "wizguy007" is active ]
@ Mon Aug 05 2019 21:08:12 GMT+0100 (West Africa Standard Time) -- [ "wizguy007" is active ]
@ Mon Aug 05 2019 21:08:19 GMT+0100 (West Africa Standard Time) -- [ "wizguy007" is active ]
@ Mon Aug 05 2019 21:08:19 GMT+0100 (West Africa Standard Time) -- [ "wizguy007" is active ]
@ Mon Aug 05 2019 21:08:38 GMT+0100 (West Africa Standard Time) -- [ "wizguy007" is active ]
@ Mon Aug 05 2019 21:08:38 GMT+0100 (West Africa Standard Time) -- [ "wizguy007" has signed out. ]
@ Mon Aug 05 2019 21:13:31 GMT+0100 (West Africa Standard Time) -- [ "wizguy007" has signed in. ]
@ Mon Aug 05 2019 21:13:31 GMT+0100 (West Africa Standard Time) -- [ "wizguy007" is active ]
@ Mon Aug 05 2019 21:13:31 GMT+0100 (West Africa Standard Time) -- [ "wizguy007" is active ]
@ Mon Aug 05 2019 21:13:39 GMT+0100 (West Africa Standard Time) -- [ "wizguy007" is active ]
@ Mon Aug 05 2019 21:13:39 GMT+0100 (West Africa Standard Time) -- [ "wizguy007" has signed out. ]
@ Mon Aug 05 2019 23:37:26 GMT+0100 (West Africa Standard Time) -- [ "wizguy007" has signed in. ]
@ Mon Aug 05 2019 23:37:26 GMT+0100 (West Africa Standard Time) -- [ "wizguy007" is active ]
@ Mon Aug 05 2019 23:37:27 GMT+0100 (West Africa Standard Time) -- [ "wizguy007" is active ]
@ Mon Aug 05 2019 23:37:29 GMT+0100 (West Africa Standard Time) -- [ "wizguy007" is active ]
@ Mon Aug 05 2019 23:37:41 GMT+0100 (West Africa Standard Time) -- [ "wizguy007" is active ]
@ Mon Aug 05 2019 23:37:41 GMT+0100 (West Africa Standard Time) -- [ "wizguy007" has signed out. ]
@ Tue Aug 06 2019 04:55:11 GMT+0100 (West Africa Standard Time) -- [ "wizguy007" has signed in. ]
@ Tue Aug 06 2019 04:55:11 GMT+0100 (West Africa Standard Time) -- [ "wizguy007" is active ]
@ Tue Aug 06 2019 04:55:11 GMT+0100 (West Africa Standard Time) -- [ "wizguy007" is active ]
@ Tue Aug 06 2019 04:55:22 GMT+0100 (West Africa Standard Time) -- [ "wizguy007" is active ]
@ Tue Aug 06 2019 04:55:22 GMT+0100 (West Africa Standard Time) -- [ "wizguy007" has signed out. ]
@ Tue Aug 06 2019 12:06:02 GMT+0100 (West Africa Standard Time) -- [ "wizguy007" has signed in. ]
@ Tue Aug 06 2019 12:06:03 GMT+0100 (West Africa Standard Time) -- [ "wizguy007" is active ]
@ Tue Aug 06 2019 12:06:03 GMT+0100 (West Africa Standard Time) -- [ "wizguy007" is active ]
@ Tue Aug 06 2019 12:06:07 GMT+0100 (West Africa Standard Time) -- [ "wizguy007" is active ]
@ Tue Aug 06 2019 12:06:10 GMT+0100 (West Africa Standard Time) -- [ "wizguy007" is active ]
@ Tue Aug 06 2019 12:09:48 GMT+0100 (West Africa Standard Time) -- [ "wizguy007" has signed in. ]
@ Tue Aug 06 2019 12:09:48 GMT+0100 (West Africa Standard Time) -- [ "wizguy007" is active ]
@ Tue Aug 06 2019 12:09:48 GMT+0100 (West Africa Standard Time) -- [ "wizguy007" is active ]
@ Tue Aug 06 2019 12:11:36 GMT+0100 (West Africa Standard Time) -- [ "wizguy007" has signed in. ]
@ Tue Aug 06 2019 12:11:36 GMT+0100 (West Africa Standard Time) -- [ "wizguy007" is active ]
@ Tue Aug 06 2019 12:11:36 GMT+0100 (West Africa Standard Time) -- [ "wizguy007" is active ]
@ Tue Aug 06 2019 12:13:17 GMT+0100 (West Africa Standard Time) -- [ "wizguy007" is active ]
@ Tue Aug 06 2019 12:13:17 GMT+0100 (West Africa Standard Time) -- [ "wizguy007" is active ]
@ Tue Aug 06 2019 12:15:33 GMT+0100 (West Africa Standard Time) -- [ "wizguy007" is active ]
@ Tue Aug 06 2019 12:15:33 GMT+0100 (West Africa Standard Time) -- [ "wizguy007" is active ]
@ Tue Aug 06 2019 12:18:24 GMT+0100 (West Africa Standard Time) -- [ "wizguy007" has signed in. ]
@ Tue Aug 06 2019 12:18:24 GMT+0100 (West Africa Standard Time) -- [ "wizguy007" is active ]
@ Tue Aug 06 2019 12:18:24 GMT+0100 (West Africa Standard Time) -- [ "wizguy007" is active ]
@ Tue Aug 06 2019 12:32:48 GMT+0100 (West Africa Standard Time) -- [ "wizguy007" has signed in. ]
@ Tue Aug 06 2019 12:32:48 GMT+0100 (West Africa Standard Time) -- [ "wizguy007" is active ]
@ Tue Aug 06 2019 12:32:48 GMT+0100 (West Africa Standard Time) -- [ "wizguy007" is active ]
@ Tue Aug 06 2019 12:37:42 GMT+0100 (West Africa Standard Time) -- [ "wizguy007" has signed in. ]
@ Tue Aug 06 2019 12:37:42 GMT+0100 (West Africa Standard Time) -- [ "wizguy007" is active ]
@ Tue Aug 06 2019 12:37:42 GMT+0100 (West Africa Standard Time) -- [ "wizguy007" is active ]
@ Tue Aug 06 2019 12:39:11 GMT+0100 (West Africa Standard Time) -- [ "wizguy007" has signed in. ]
@ Tue Aug 06 2019 12:39:11 GMT+0100 (West Africa Standard Time) -- [ "wizguy007" is active ]
@ Tue Aug 06 2019 12:39:11 GMT+0100 (West Africa Standard Time) -- [ "wizguy007" is active ]
@ Tue Aug 06 2019 12:43:21 GMT+0100 (West Africa Standard Time) -- [ "wizguy007" has signed in. ]
@ Tue Aug 06 2019 12:43:21 GMT+0100 (West Africa Standard Time) -- [ "wizguy007" is active ]
@ Tue Aug 06 2019 12:43:21 GMT+0100 (West Africa Standard Time) -- [ "wizguy007" is active ]
@ Tue Aug 06 2019 12:44:12 GMT+0100 (West Africa Standard Time) -- [ "wizguy007" has signed in. ]
@ Tue Aug 06 2019 12:44:12 GMT+0100 (West Africa Standard Time) -- [ "wizguy007" is active ]
@ Tue Aug 06 2019 12:44:12 GMT+0100 (West Africa Standard Time) -- [ "wizguy007" is active ]
@ Tue Aug 06 2019 12:44:12 GMT+0100 (West Africa Standard Time) -- [ "wizguy007" is active ]
@ Tue Aug 06 2019 12:45:01 GMT+0100 (West Africa Standard Time) -- [ "wizguy007" has signed in. ]
@ Tue Aug 06 2019 12:45:01 GMT+0100 (West Africa Standard Time) -- [ "wizguy007" is active ]
@ Tue Aug 06 2019 12:45:01 GMT+0100 (West Africa Standard Time) -- [ "wizguy007" is active ]
@ Tue Aug 06 2019 12:45:01 GMT+0100 (West Africa Standard Time) -- [ "wizguy007" is active ]
@ Tue Aug 06 2019 12:49:49 GMT+0100 (West Africa Standard Time) -- [ "wizguy007" has signed in. ]
@ Tue Aug 06 2019 12:49:49 GMT+0100 (West Africa Standard Time) -- [ "wizguy007" is active ]
@ Tue Aug 06 2019 12:49:49 GMT+0100 (West Africa Standard Time) -- [ "wizguy007" is active ]
@ Tue Aug 06 2019 12:49:49 GMT+0100 (West Africa Standard Time) -- [ "wizguy007" is active ]
@ Tue Aug 06 2019 12:50:26 GMT+0100 (West Africa Standard Time) -- [ "wizguy007" has signed in. ]
@ Tue Aug 06 2019 12:50:26 GMT+0100 (West Africa Standard Time) -- [ "wizguy007" is active ]
@ Tue Aug 06 2019 12:50:26 GMT+0100 (West Africa Standard Time) -- [ "wizguy007" is active ]
@ Tue Aug 06 2019 12:50:26 GMT+0100 (West Africa Standard Time) -- [ "wizguy007" is active ]
@ Tue Aug 06 2019 13:07:22 GMT+0100 (West Africa Standard Time) -- [ "wizguy007" has signed in. ]
@ Tue Aug 06 2019 13:07:23 GMT+0100 (West Africa Standard Time) -- [ "wizguy007" is active ]
@ Tue Aug 06 2019 13:07:23 GMT+0100 (West Africa Standard Time) -- [ "wizguy007" is active ]
@ Tue Aug 06 2019 13:07:23 GMT+0100 (West Africa Standard Time) -- [ "wizguy007" is active ]
@ Tue Aug 06 2019 13:07:49 GMT+0100 (West Africa Standard Time) -- [ "wizguy007" has signed in. ]
@ Tue Aug 06 2019 13:07:49 GMT+0100 (West Africa Standard Time) -- [ "wizguy007" is active ]
@ Tue Aug 06 2019 13:07:49 GMT+0100 (West Africa Standard Time) -- [ "wizguy007" is active ]
@ Tue Aug 06 2019 13:07:49 GMT+0100 (West Africa Standard Time) -- [ "wizguy007" is active ]
@ Tue Aug 06 2019 13:14:18 GMT+0100 (West Africa Standard Time) -- [ "wizguy007" has signed in. ]
@ Tue Aug 06 2019 13:14:18 GMT+0100 (West Africa Standard Time) -- [ "wizguy007" is active ]
@ Tue Aug 06 2019 13:14:18 GMT+0100 (West Africa Standard Time) -- [ "wizguy007" is active ]
@ Tue Aug 06 2019 13:14:18 GMT+0100 (West Africa Standard Time) -- [ "wizguy007" is active ]
@ Tue Aug 06 2019 13:16:30 GMT+0100 (West Africa Standard Time) -- [ "wizguy007" is active ]
@ Tue Aug 06 2019 13:16:35 GMT+0100 (West Africa Standard Time) -- [ "wizguy007" is active ]
@ Tue Aug 06 2019 13:16:49 GMT+0100 (West Africa Standard Time) -- [ "wizguy007" is active ]
@ Tue Aug 06 2019 13:17:12 GMT+0100 (West Africa Standard Time) -- [ "wizguy007" is active ]
@ Tue Aug 06 2019 13:17:13 GMT+0100 (West Africa Standard Time) -- [ "wizguy007" is active ]
@ Tue Aug 06 2019 13:17:15 GMT+0100 (West Africa Standard Time) -- [ "wizguy007" is active ]
@ Tue Aug 06 2019 13:18:00 GMT+0100 (West Africa Standard Time) -- [ "wizguy007" is active ]
@ Tue Aug 06 2019 13:18:26 GMT+0100 (West Africa Standard Time) -- [ "wizguy007" is active ]
@ Tue Aug 06 2019 13:18:27 GMT+0100 (West Africa Standard Time) -- [ "wizguy007" is active ]
@ Tue Aug 06 2019 13:18:39 GMT+0100 (West Africa Standard Time) -- [ "wizguy007" is active ]
@ Tue Aug 06 2019 13:19:01 GMT+0100 (West Africa Standard Time) -- [ "wizguy007" is active ]
@ Tue Aug 06 2019 13:19:03 GMT+0100 (West Africa Standard Time) -- [ "wizguy007" is active ]
@ Tue Aug 06 2019 13:19:24 GMT+0100 (West Africa Standard Time) -- [ "wizguy007" is active ]
@ Tue Aug 06 2019 13:19:56 GMT+0100 (West Africa Standard Time) -- [ "wizguy007" is active ]
@ Tue Aug 06 2019 13:21:08 GMT+0100 (West Africa Standard Time) -- [ "wizguy007" is active ]
@ Tue Aug 06 2019 13:21:11 GMT+0100 (West Africa Standard Time) -- [ "wizguy007" is active ]
@ Tue Aug 06 2019 13:21:11 GMT+0100 (West Africa Standard Time) -- [ "wizguy007" is active ]
@ Tue Aug 06 2019 13:22:11 GMT+0100 (West Africa Standard Time) -- [ "wizguy007" is active ]
@ Tue Aug 06 2019 13:22:11 GMT+0100 (West Africa Standard Time) -- [ "wizguy007" is active ]
@ Tue Aug 06 2019 13:22:59 GMT+0100 (West Africa Standard Time) -- [ "wizguy007" has signed in. ]
@ Tue Aug 06 2019 13:22:59 GMT+0100 (West Africa Standard Time) -- [ "wizguy007" is active ]
@ Tue Aug 06 2019 13:22:59 GMT+0100 (West Africa Standard Time) -- [ "wizguy007" is active ]
@ Tue Aug 06 2019 13:22:59 GMT+0100 (West Africa Standard Time) -- [ "wizguy007" is active ]
@ Tue Aug 06 2019 13:23:53 GMT+0100 (West Africa Standard Time) -- [ "wizguy007" has signed in. ]
@ Tue Aug 06 2019 13:23:53 GMT+0100 (West Africa Standard Time) -- [ "wizguy007" is active ]
@ Tue Aug 06 2019 13:23:53 GMT+0100 (West Africa Standard Time) -- [ "wizguy007" is active ]
@ Tue Aug 06 2019 13:23:53 GMT+0100 (West Africa Standard Time) -- [ "wizguy007" is active ]
@ Tue Aug 06 2019 13:24:33 GMT+0100 (West Africa Standard Time) -- [ "wizguy007" has signed in. ]
@ Tue Aug 06 2019 13:24:34 GMT+0100 (West Africa Standard Time) -- [ "wizguy007" is active ]
@ Tue Aug 06 2019 13:24:34 GMT+0100 (West Africa Standard Time) -- [ "wizguy007" is active ]
@ Tue Aug 06 2019 13:24:34 GMT+0100 (West Africa Standard Time) -- [ "wizguy007" is active ]
@ Tue Aug 06 2019 13:25:27 GMT+0100 (West Africa Standard Time) -- [ "wizguy007" has signed in. ]
@ Tue Aug 06 2019 13:25:27 GMT+0100 (West Africa Standard Time) -- [ "wizguy007" is active ]
@ Tue Aug 06 2019 13:25:27 GMT+0100 (West Africa Standard Time) -- [ "wizguy007" is active ]
@ Tue Aug 06 2019 13:25:27 GMT+0100 (West Africa Standard Time) -- [ "wizguy007" is active ]
@ Tue Aug 06 2019 13:32:32 GMT+0100 (West Africa Standard Time) -- [ "wizguy007" has signed in. ]
@ Tue Aug 06 2019 13:32:32 GMT+0100 (West Africa Standard Time) -- [ "wizguy007" is active ]
@ Tue Aug 06 2019 13:32:32 GMT+0100 (West Africa Standard Time) -- [ "wizguy007" is active ]
@ Tue Aug 06 2019 13:33:41 GMT+0100 (West Africa Standard Time) -- [ "wizguy007" has signed in. ]
@ Tue Aug 06 2019 13:33:41 GMT+0100 (West Africa Standard Time) -- [ "wizguy007" is active ]
@ Tue Aug 06 2019 13:33:41 GMT+0100 (West Africa Standard Time) -- [ "wizguy007" is active ]
@ Tue Aug 06 2019 13:33:41 GMT+0100 (West Africa Standard Time) -- [ "wizguy007" is active ]
@ Tue Aug 06 2019 14:14:34 GMT+0100 (West Africa Standard Time) -- [ "wizguy007" has signed in. ]
@ Tue Aug 06 2019 14:14:34 GMT+0100 (West Africa Standard Time) -- [ "wizguy007" is active ]
@ Tue Aug 06 2019 14:14:34 GMT+0100 (West Africa Standard Time) -- [ "wizguy007" is active ]
@ Tue Aug 06 2019 14:14:34 GMT+0100 (West Africa Standard Time) -- [ "wizguy007" is active ]
@ Tue Aug 06 2019 14:15:32 GMT+0100 (West Africa Standard Time) -- [ "wizguy007" has signed in. ]
@ Tue Aug 06 2019 14:15:32 GMT+0100 (West Africa Standard Time) -- [ "wizguy007" is active ]
@ Tue Aug 06 2019 14:15:32 GMT+0100 (West Africa Standard Time) -- [ "wizguy007" is active ]
@ Tue Aug 06 2019 14:15:32 GMT+0100 (West Africa Standard Time) -- [ "wizguy007" is active ]
@ Tue Aug 06 2019 14:15:34 GMT+0100 (West Africa Standard Time) -- [ "wizguy007" is active ]
@ Tue Aug 06 2019 14:15:34 GMT+0100 (West Africa Standard Time) -- [ "wizguy007" is active ]
@ Tue Aug 06 2019 14:15:55 GMT+0100 (West Africa Standard Time) -- [ "wizguy007" is active ]
@ Tue Aug 06 2019 14:27:51 GMT+0100 (West Africa Standard Time) -- [ "wizguy007" is active ]
@ Tue Aug 06 2019 14:27:54 GMT+0100 (West Africa Standard Time) -- [ "wizguy007" is active ]
@ Tue Aug 06 2019 14:27:54 GMT+0100 (West Africa Standard Time) -- [ "wizguy007" is active ]
@ Tue Aug 06 2019 14:29:15 GMT+0100 (West Africa Standard Time) -- [ "wizguy007" is active ]
@ Tue Aug 06 2019 14:29:15 GMT+0100 (West Africa Standard Time) -- [ "wizguy007" is active ]
@ Tue Aug 06 2019 14:30:31 GMT+0100 (West Africa Standard Time) -- [ "wizguy007" has signed in. ]
@ Tue Aug 06 2019 14:30:31 GMT+0100 (West Africa Standard Time) -- [ "wizguy007" is active ]
@ Tue Aug 06 2019 14:30:31 GMT+0100 (West Africa Standard Time) -- [ "wizguy007" is active ]
@ Tue Aug 06 2019 14:30:31 GMT+0100 (West Africa Standard Time) -- [ "wizguy007" is active ]
@ Tue Aug 06 2019 14:30:42 GMT+0100 (West Africa Standard Time) -- [ "wizguy007" is active ]
@ Tue Aug 06 2019 14:32:39 GMT+0100 (West Africa Standard Time) -- [ "wizguy007" has signed in. ]
@ Tue Aug 06 2019 14:32:39 GMT+0100 (West Africa Standard Time) -- [ "wizguy007" is active ]
@ Tue Aug 06 2019 14:32:39 GMT+0100 (West Africa Standard Time) -- [ "wizguy007" is active ]
@ Tue Aug 06 2019 14:32:39 GMT+0100 (West Africa Standard Time) -- [ "wizguy007" is active ]
@ Tue Aug 06 2019 14:32:41 GMT+0100 (West Africa Standard Time) -- [ "wizguy007" is active ]
@ Tue Aug 06 2019 14:32:41 GMT+0100 (West Africa Standard Time) -- [ "wizguy007" is active ]
@ Tue Aug 06 2019 14:32:52 GMT+0100 (West Africa Standard Time) -- [ "wizguy007" is active ]
@ Tue Aug 06 2019 14:43:52 GMT+0100 (West Africa Standard Time) -- [ "wizguy007" has signed in. ]
@ Tue Aug 06 2019 14:43:52 GMT+0100 (West Africa Standard Time) -- [ "wizguy007" is active ]
@ Tue Aug 06 2019 14:43:52 GMT+0100 (West Africa Standard Time) -- [ "wizguy007" is active ]
@ Tue Aug 06 2019 14:43:52 GMT+0100 (West Africa Standard Time) -- [ "wizguy007" is active ]
@ Tue Aug 06 2019 14:43:54 GMT+0100 (West Africa Standard Time) -- [ "wizguy007" is active ]
@ Tue Aug 06 2019 14:43:54 GMT+0100 (West Africa Standard Time) -- [ "wizguy007" is active ]
@ Tue Aug 06 2019 14:44:00 GMT+0100 (West Africa Standard Time) -- [ "wizguy007" is active ]
@ Tue Aug 06 2019 14:45:37 GMT+0100 (West Africa Standard Time) -- [ "wizguy007" has signed in. ]
@ Tue Aug 06 2019 14:45:37 GMT+0100 (West Africa Standard Time) -- [ "wizguy007" is active ]
@ Tue Aug 06 2019 14:46:37 GMT+0100 (West Africa Standard Time) -- [ "wizguy007" has signed in. ]
@ Tue Aug 06 2019 14:46:37 GMT+0100 (West Africa Standard Time) -- [ "wizguy007" is active ]
@ Tue Aug 06 2019 14:50:39 GMT+0100 (West Africa Standard Time) -- [ "wizguy007" has signed in. ]
@ Tue Aug 06 2019 14:50:39 GMT+0100 (West Africa Standard Time) -- [ "wizguy007" is active ]
@ Tue Aug 06 2019 14:52:39 GMT+0100 (West Africa Standard Time) -- [ "wizguy007" is active ]
@ Tue Aug 06 2019 14:53:53 GMT+0100 (West Africa Standard Time) -- [ "wizguy007" is active ]
@ Tue Aug 06 2019 14:54:31 GMT+0100 (West Africa Standard Time) -- [ "wizguy007" has signed in. ]
@ Tue Aug 06 2019 14:54:31 GMT+0100 (West Africa Standard Time) -- [ "wizguy007" is active ]
@ Tue Aug 06 2019 14:55:51 GMT+0100 (West Africa Standard Time) -- [ "wizguy007" has signed in. ]
@ Tue Aug 06 2019 14:55:51 GMT+0100 (West Africa Standard Time) -- [ "wizguy007" is active ]
@ Tue Aug 06 2019 14:57:39 GMT+0100 (West Africa Standard Time) -- [ "wizguy007" has signed in. ]
@ Tue Aug 06 2019 14:57:40 GMT+0100 (West Africa Standard Time) -- [ "wizguy007" is active ]
@ Tue Aug 06 2019 14:59:03 GMT+0100 (West Africa Standard Time) -- [ "wizguy007" has signed in. ]
@ Tue Aug 06 2019 15:01:30 GMT+0100 (West Africa Standard Time) -- [ "wizguy007" has signed in. ]
@ Tue Aug 06 2019 15:01:30 GMT+0100 (West Africa Standard Time) -- [ "wizguy007" is active ]
@ Tue Aug 06 2019 15:04:54 GMT+0100 (West Africa Standard Time) -- [ "wizguy007" has signed in. ]
@ Tue Aug 06 2019 15:04:54 GMT+0100 (West Africa Standard Time) -- [ "wizguy007" is active ]
@ Tue Aug 06 2019 15:16:23 GMT+0100 (West Africa Standard Time) -- [ "wizguy007" has signed in. ]
@ Tue Aug 06 2019 15:16:23 GMT+0100 (West Africa Standard Time) -- [ "wizguy007" is active ]
@ Tue Aug 06 2019 20:45:56 GMT+0100 (West Africa Standard Time) -- [ "wizguy007" has signed in. ]
@ Tue Aug 06 2019 20:45:57 GMT+0100 (West Africa Standard Time) -- [ "wizguy007" is active ]
@ Tue Aug 06 2019 20:46:07 GMT+0100 (West Africa Standard Time) -- [ "wizguy007" is active ]
@ Tue Aug 06 2019 20:46:19 GMT+0100 (West Africa Standard Time) -- [ "wizguy007" is active ]
@ Tue Aug 06 2019 20:46:53 GMT+0100 (West Africa Standard Time) -- [ "wizguy007" is active ]
@ Tue Aug 06 2019 20:47:02 GMT+0100 (West Africa Standard Time) -- [ "wizguy007" is active ]
@ Tue Aug 06 2019 20:47:16 GMT+0100 (West Africa Standard Time) -- [ "wizguy007" is active ]
@ Tue Aug 06 2019 20:47:28 GMT+0100 (West Africa Standard Time) -- [ "wizguy007" is active ]
@ Tue Aug 06 2019 20:47:36 GMT+0100 (West Africa Standard Time) -- [ "wizguy007" is active ]
@ Tue Aug 06 2019 20:48:13 GMT+0100 (West Africa Standard Time) -- [ "wizguy007" is active ]
@ Tue Aug 06 2019 20:49:36 GMT+0100 (West Africa Standard Time) -- [ "wizguy007" is active ]
@ Tue Aug 06 2019 20:50:37 GMT+0100 (West Africa Standard Time) -- [ "wizguy007" has signed in. ]
@ Tue Aug 06 2019 20:50:37 GMT+0100 (West Africa Standard Time) -- [ "wizguy007" is active ]
@ Tue Aug 06 2019 20:50:40 GMT+0100 (West Africa Standard Time) -- [ "wizguy007" is active ]
@ Tue Aug 06 2019 20:52:36 GMT+0100 (West Africa Standard Time) -- [ "wizguy007" has signed in. ]
@ Tue Aug 06 2019 20:52:36 GMT+0100 (West Africa Standard Time) -- [ "wizguy007" is active ]
@ Tue Aug 06 2019 20:52:39 GMT+0100 (West Africa Standard Time) -- [ "wizguy007" is active ]
@ Tue Aug 06 2019 20:52:48 GMT+0100 (West Africa Standard Time) -- [ "wizguy007" is active ]
@ Tue Aug 06 2019 20:53:20 GMT+0100 (West Africa Standard Time) -- [ "wizguy007" has signed in. ]
@ Tue Aug 06 2019 20:53:20 GMT+0100 (West Africa Standard Time) -- [ "wizguy007" is active ]
@ Tue Aug 06 2019 20:53:22 GMT+0100 (West Africa Standard Time) -- [ "wizguy007" is active ]
@ Tue Aug 06 2019 20:53:27 GMT+0100 (West Africa Standard Time) -- [ "wizguy007" is active ]
@ Tue Aug 06 2019 20:53:30 GMT+0100 (West Africa Standard Time) -- [ "wizguy007" is active ]
@ Tue Aug 06 2019 20:53:31 GMT+0100 (West Africa Standard Time) -- [ "wizguy007" is active ]
@ Tue Aug 06 2019 20:53:32 GMT+0100 (West Africa Standard Time) -- [ "wizguy007" is active ]
@ Tue Aug 06 2019 20:53:33 GMT+0100 (West Africa Standard Time) -- [ "wizguy007" is active ]
@ Tue Aug 06 2019 20:53:34 GMT+0100 (West Africa Standard Time) -- [ "wizguy007" is active ]
@ Tue Aug 06 2019 20:53:35 GMT+0100 (West Africa Standard Time) -- [ "wizguy007" is active ]
@ Tue Aug 06 2019 20:53:37 GMT+0100 (West Africa Standard Time) -- [ "wizguy007" is active ]
@ Tue Aug 06 2019 20:53:58 GMT+0100 (West Africa Standard Time) -- [ "wizguy007" is active ]
@ Tue Aug 06 2019 20:54:43 GMT+0100 (West Africa Standard Time) -- [ "wizguy007" is active ]
@ Tue Aug 06 2019 20:56:30 GMT+0100 (West Africa Standard Time) -- [ "wizguy007" has signed in. ]
@ Tue Aug 06 2019 20:56:30 GMT+0100 (West Africa Standard Time) -- [ "wizguy007" is active ]
@ Tue Aug 06 2019 20:56:34 GMT+0100 (West Africa Standard Time) -- [ "wizguy007" is active ]
@ Tue Aug 06 2019 20:56:43 GMT+0100 (West Africa Standard Time) -- [ "wizguy007" is active ]
@ Tue Aug 06 2019 20:58:06 GMT+0100 (West Africa Standard Time) -- [ "wizguy007" has signed in. ]
@ Tue Aug 06 2019 20:58:06 GMT+0100 (West Africa Standard Time) -- [ "wizguy007" is active ]
@ Tue Aug 06 2019 20:58:06 GMT+0100 (West Africa Standard Time) -- [ "wizguy007" has signed in. ]
@ Tue Aug 06 2019 20:58:06 GMT+0100 (West Africa Standard Time) -- [ "wizguy007" is active ]
@ Tue Aug 06 2019 20:58:09 GMT+0100 (West Africa Standard Time) -- [ "wizguy007" is active ]
@ Tue Aug 06 2019 20:58:19 GMT+0100 (West Africa Standard Time) -- [ "wizguy007" is active ]
@ Tue Aug 06 2019 20:58:43 GMT+0100 (West Africa Standard Time) -- [ "wizguy007" is active ]
@ Tue Aug 06 2019 20:59:04 GMT+0100 (West Africa Standard Time) -- [ "wizguy007" is active ]
@ Tue Aug 06 2019 20:59:46 GMT+0100 (West Africa Standard Time) -- [ "wizguy007" is active ]
@ Tue Aug 06 2019 20:59:50 GMT+0100 (West Africa Standard Time) -- [ "wizguy007" is active ]
@ Tue Aug 06 2019 20:59:53 GMT+0100 (West Africa Standard Time) -- [ "wizguy007" is active ]
@ Tue Aug 06 2019 20:59:54 GMT+0100 (West Africa Standard Time) -- [ "wizguy007" is active ]
@ Tue Aug 06 2019 20:59:55 GMT+0100 (West Africa Standard Time) -- [ "wizguy007" is active ]
@ Tue Aug 06 2019 20:59:56 GMT+0100 (West Africa Standard Time) -- [ "wizguy007" is active ]
@ Tue Aug 06 2019 21:00:04 GMT+0100 (West Africa Standard Time) -- [ "wizguy007" is active ]
@ Tue Aug 06 2019 21:00:14 GMT+0100 (West Africa Standard Time) -- [ "wizguy007" is active ]
@ Tue Aug 06 2019 21:00:17 GMT+0100 (West Africa Standard Time) -- [ "wizguy007" is active ]
@ Tue Aug 06 2019 22:06:59 GMT+0100 (West Africa Standard Time) -- [ "Gerda13" has signed in. ]
@ Tue Aug 06 2019 22:06:59 GMT+0100 (West Africa Standard Time) -- [ "Gerda13" is active ]
@ Tue Aug 06 2019 22:06:59 GMT+0100 (West Africa Standard Time) -- [ "Gerda13" is active ]
@ Tue Aug 06 2019 22:06:59 GMT+0100 (West Africa Standard Time) -- [ "Gerda13" is active ]
@ Tue Aug 06 2019 22:08:26 GMT+0100 (West Africa Standard Time) -- [ "Gerda13" is active ]
@ Tue Aug 06 2019 22:08:26 GMT+0100 (West Africa Standard Time) -- [ "Gerda13" is active ]
@ Tue Aug 06 2019 22:09:10 GMT+0100 (West Africa Standard Time) -- [ "Gerda13" is active ]
@ Tue Aug 06 2019 22:09:12 GMT+0100 (West Africa Standard Time) -- [ "Gerda13" is active ]
@ Tue Aug 06 2019 22:09:12 GMT+0100 (West Africa Standard Time) -- [ "Gerda13" is active ]
@ Tue Aug 06 2019 22:09:56 GMT+0100 (West Africa Standard Time) -- [ "Brennon67" has signed in. ]
@ Tue Aug 06 2019 22:09:56 GMT+0100 (West Africa Standard Time) -- [ "Brennon67" is active ]
@ Tue Aug 06 2019 22:09:56 GMT+0100 (West Africa Standard Time) -- [ "Brennon67" is active ]
@ Tue Aug 06 2019 22:09:56 GMT+0100 (West Africa Standard Time) -- [ "Brennon67" is active ]
@ Tue Aug 06 2019 22:10:12 GMT+0100 (West Africa Standard Time) -- [ "Brennon67" is active ]
@ Tue Aug 06 2019 22:27:05 GMT+0100 (West Africa Standard Time) -- [ "wizguy007" has signed in. ]
@ Tue Aug 06 2019 22:27:05 GMT+0100 (West Africa Standard Time) -- [ "wizguy007" is active ]
@ Tue Aug 06 2019 22:42:45 GMT+0100 (West Africa Standard Time) -- [ "wizguy007" has signed in. ]
@ Tue Aug 06 2019 22:42:45 GMT+0100 (West Africa Standard Time) -- [ "wizguy007" is active ]
@ Tue Aug 06 2019 22:58:14 GMT+0100 (West Africa Standard Time) -- [ "Marlen_Wilderman" has signed in. ]
@ Tue Aug 06 2019 22:58:14 GMT+0100 (West Africa Standard Time) -- [ "Marlen_Wilderman" is active ]
@ Tue Aug 06 2019 22:58:14 GMT+0100 (West Africa Standard Time) -- [ "Marlen_Wilderman" is active ]
@ Tue Aug 06 2019 22:58:14 GMT+0100 (West Africa Standard Time) -- [ "Marlen_Wilderman" is active ]
@ Tue Aug 06 2019 22:58:16 GMT+0100 (West Africa Standard Time) -- [ "Marlen_Wilderman" is active ]
@ Tue Aug 06 2019 22:58:16 GMT+0100 (West Africa Standard Time) -- [ "Marlen_Wilderman" is active ]
@ Tue Aug 06 2019 22:58:34 GMT+0100 (West Africa Standard Time) -- [ "Marlen_Wilderman" is active ]
@ Tue Aug 06 2019 22:58:36 GMT+0100 (West Africa Standard Time) -- [ "Marlen_Wilderman" is active ]
@ Tue Aug 06 2019 22:59:17 GMT+0100 (West Africa Standard Time) -- [ "Marlen_Wilderman" is active ]
@ Tue Aug 06 2019 23:02:46 GMT+0100 (West Africa Standard Time) -- [ "Curtis17" has signed in. ]
@ Tue Aug 06 2019 23:02:46 GMT+0100 (West Africa Standard Time) -- [ "Curtis17" is active ]
@ Tue Aug 06 2019 23:02:46 GMT+0100 (West Africa Standard Time) -- [ "Curtis17" is active ]
@ Tue Aug 06 2019 23:02:46 GMT+0100 (West Africa Standard Time) -- [ "Curtis17" is active ]
@ Tue Aug 06 2019 23:03:07 GMT+0100 (West Africa Standard Time) -- [ "Curtis17" is active ]
@ Tue Aug 06 2019 23:03:07 GMT+0100 (West Africa Standard Time) -- [ "Curtis17" is active ]
@ Tue Aug 06 2019 23:06:25 GMT+0100 (West Africa Standard Time) -- [ "Curtis17" is active ]
@ Tue Aug 06 2019 23:06:33 GMT+0100 (West Africa Standard Time) -- [ "Curtis17" is active ]
@ Tue Aug 06 2019 23:06:37 GMT+0100 (West Africa Standard Time) -- [ "Curtis17" is active ]
@ Tue Aug 06 2019 23:06:39 GMT+0100 (West Africa Standard Time) -- [ "Curtis17" is active ]
@ Tue Aug 06 2019 23:06:40 GMT+0100 (West Africa Standard Time) -- [ "Curtis17" is active ]
@ Tue Aug 06 2019 23:06:42 GMT+0100 (West Africa Standard Time) -- [ "Curtis17" is active ]
@ Tue Aug 06 2019 23:06:44 GMT+0100 (West Africa Standard Time) -- [ "Curtis17" is active ]
@ Tue Aug 06 2019 23:18:22 GMT+0100 (West Africa Standard Time) -- [ "Jerrell_Bednar77" has signed in. ]
@ Tue Aug 06 2019 23:18:22 GMT+0100 (West Africa Standard Time) -- [ "Jerrell_Bednar77" is active ]
@ Tue Aug 06 2019 23:18:22 GMT+0100 (West Africa Standard Time) -- [ "Jerrell_Bednar77" is active ]
@ Tue Aug 06 2019 23:18:22 GMT+0100 (West Africa Standard Time) -- [ "Jerrell_Bednar77" is active ]
@ Tue Aug 06 2019 23:18:30 GMT+0100 (West Africa Standard Time) -- [ "Jerrell_Bednar77" is active ]
@ Tue Aug 06 2019 23:18:33 GMT+0100 (West Africa Standard Time) -- [ "Jerrell_Bednar77" is active ]
@ Tue Aug 06 2019 23:18:33 GMT+0100 (West Africa Standard Time) -- [ "Jerrell_Bednar77" is active ]
@ Tue Aug 06 2019 23:18:44 GMT+0100 (West Africa Standard Time) -- [ "Jerrell_Bednar77" is active ]
@ Tue Aug 06 2019 23:18:45 GMT+0100 (West Africa Standard Time) -- [ "Jerrell_Bednar77" is active ]
@ Tue Aug 06 2019 23:18:47 GMT+0100 (West Africa Standard Time) -- [ "Jerrell_Bednar77" is active ]
@ Tue Aug 06 2019 23:19:46 GMT+0100 (West Africa Standard Time) -- [ "Jerrell_Bednar77" is active ]
@ Tue Aug 06 2019 23:19:49 GMT+0100 (West Africa Standard Time) -- [ "Jerrell_Bednar77" is active ]
@ Tue Aug 06 2019 23:20:02 GMT+0100 (West Africa Standard Time) -- [ "Jerrell_Bednar77" is active ]
@ Tue Aug 06 2019 23:20:22 GMT+0100 (West Africa Standard Time) -- [ "Jerrell_Bednar77" is active ]
@ Tue Aug 06 2019 23:27:56 GMT+0100 (West Africa Standard Time) -- [ "Jerrell_Bednar77" is active ]
@ Tue Aug 06 2019 23:28:01 GMT+0100 (West Africa Standard Time) -- [ "Jerrell_Bednar77" is active ]
@ Tue Aug 06 2019 23:44:05 GMT+0100 (West Africa Standard Time) -- [ A new account just signed up, "@wizguy007" ]
@ Tue Aug 06 2019 23:44:08 GMT+0100 (West Africa Standard Time) -- [ "wizguy007" has signed in. ]
@ Tue Aug 06 2019 23:44:08 GMT+0100 (West Africa Standard Time) -- [ "wizguy007" is active ]
@ Tue Aug 06 2019 23:44:08 GMT+0100 (West Africa Standard Time) -- [ "wizguy007" is active ]
@ Tue Aug 06 2019 23:44:09 GMT+0100 (West Africa Standard Time) -- [ "wizguy007" is active ]
@ Tue Aug 06 2019 23:44:14 GMT+0100 (West Africa Standard Time) -- [ "wizguy007" is active ]
@ Tue Aug 06 2019 23:44:14 GMT+0100 (West Africa Standard Time) -- [ "wizguy007" is active ]
@ Tue Aug 06 2019 23:44:14 GMT+0100 (West Africa Standard Time) -- [ "wizguy007" is active ]
@ Tue Aug 06 2019 23:44:20 GMT+0100 (West Africa Standard Time) -- [ "wizguy007" is active ]
@ Tue Aug 06 2019 23:44:24 GMT+0100 (West Africa Standard Time) -- [ "wizguy007" is active ]
@ Tue Aug 06 2019 23:44:30 GMT+0100 (West Africa Standard Time) -- [ "wizguy007" is active ]
@ Tue Aug 06 2019 23:44:30 GMT+0100 (West Africa Standard Time) -- [ "wizguy007" is active ]
@ Tue Aug 06 2019 23:44:59 GMT+0100 (West Africa Standard Time) -- [ "wizguy007" is active ]
@ Tue Aug 06 2019 23:46:57 GMT+0100 (West Africa Standard Time) -- [ "wizguy007" is active ]
@ Tue Aug 06 2019 23:47:14 GMT+0100 (West Africa Standard Time) -- [ "wizguy007" is active ]
@ Tue Aug 06 2019 23:49:39 GMT+0100 (West Africa Standard Time) -- [ "wizguy007" has signed in. ]
@ Tue Aug 06 2019 23:49:39 GMT+0100 (West Africa Standard Time) -- [ "wizguy007" is active ]
@ Tue Aug 06 2019 23:49:43 GMT+0100 (West Africa Standard Time) -- [ "wizguy007" is active ]
@ Tue Aug 06 2019 23:50:04 GMT+0100 (West Africa Standard Time) -- [ "wizguy007" is active ]
@ Tue Aug 06 2019 23:50:13 GMT+0100 (West Africa Standard Time) -- [ "wizguy007" is active ]
@ Tue Aug 06 2019 23:55:21 GMT+0100 (West Africa Standard Time) -- [ "wizguy007" is active ]
@ Tue Aug 06 2019 23:55:28 GMT+0100 (West Africa Standard Time) -- [ "wizguy007" is active ]
@ Tue Aug 06 2019 23:56:31 GMT+0100 (West Africa Standard Time) -- [ "wizguy007" is active ]
@ Wed Aug 07 2019 00:04:23 GMT+0100 (West Africa Standard Time) -- [ "wizguy007" has signed in. ]
@ Wed Aug 07 2019 00:04:23 GMT+0100 (West Africa Standard Time) -- [ "wizguy007" is active ]
@ Wed Aug 07 2019 00:06:06 GMT+0100 (West Africa Standard Time) -- [ "wizguy007" is active ]
@ Wed Aug 07 2019 00:06:35 GMT+0100 (West Africa Standard Time) -- [ "wizguy007" is active ]
@ Wed Aug 07 2019 00:17:28 GMT+0100 (West Africa Standard Time) -- [ "wizguy007" is active ]
@ Wed Aug 07 2019 00:20:40 GMT+0100 (West Africa Standard Time) -- [ "wizguy007" is active ]
@ Wed Aug 07 2019 00:20:50 GMT+0100 (West Africa Standard Time) -- [ "wizguy007" is active ]
@ Wed Aug 07 2019 00:20:53 GMT+0100 (West Africa Standard Time) -- [ "wizguy007" is active ]
@ Wed Aug 07 2019 00:20:55 GMT+0100 (West Africa Standard Time) -- [ "wizguy007" is active ]
@ Wed Aug 07 2019 00:21:13 GMT+0100 (West Africa Standard Time) -- [ "wizguy007" is active ]
@ Wed Aug 07 2019 00:21:16 GMT+0100 (West Africa Standard Time) -- [ "wizguy007" is active ]
@ Wed Aug 07 2019 00:21:50 GMT+0100 (West Africa Standard Time) -- [ "Cecilia_OHara5" has signed in. ]
@ Wed Aug 07 2019 00:21:50 GMT+0100 (West Africa Standard Time) -- [ "Cecilia_OHara5" is active ]
@ Wed Aug 07 2019 00:21:50 GMT+0100 (West Africa Standard Time) -- [ "Cecilia_OHara5" is active ]
@ Wed Aug 07 2019 00:21:50 GMT+0100 (West Africa Standard Time) -- [ "Cecilia_OHara5" is active ]
@ Wed Aug 07 2019 00:22:37 GMT+0100 (West Africa Standard Time) -- [ "Cecilia_OHara5" is active ]
@ Wed Aug 07 2019 00:45:10 GMT+0100 (West Africa Standard Time) -- [ "wizguy007" has signed in. ]
@ Wed Aug 07 2019 00:45:10 GMT+0100 (West Africa Standard Time) -- [ "wizguy007" is active ]
@ Wed Aug 07 2019 00:45:14 GMT+0100 (West Africa Standard Time) -- [ "wizguy007" is active ]
@ Wed Aug 07 2019 00:45:16 GMT+0100 (West Africa Standard Time) -- [ "wizguy007" is active ]
@ Wed Aug 07 2019 00:49:10 GMT+0100 (West Africa Standard Time) -- [ "wizguy007" is active ]
@ Wed Aug 07 2019 00:49:23 GMT+0100 (West Africa Standard Time) -- [ "wizguy007" is active ]
@ Wed Aug 07 2019 00:49:36 GMT+0100 (West Africa Standard Time) -- [ "wizguy007" is active ]
@ Wed Aug 07 2019 00:49:41 GMT+0100 (West Africa Standard Time) -- [ "wizguy007" is active ]
@ Wed Aug 07 2019 00:49:44 GMT+0100 (West Africa Standard Time) -- [ "wizguy007" is active ]
@ Wed Aug 07 2019 00:49:45 GMT+0100 (West Africa Standard Time) -- [ "wizguy007" is active ]
@ Wed Aug 07 2019 00:49:47 GMT+0100 (West Africa Standard Time) -- [ "wizguy007" is active ]
@ Wed Aug 07 2019 00:50:15 GMT+0100 (West Africa Standard Time) -- [ "wizguy007" is active ]
@ Wed Aug 07 2019 00:50:17 GMT+0100 (West Africa Standard Time) -- [ "wizguy007" is active ]
@ Wed Aug 07 2019 00:50:26 GMT+0100 (West Africa Standard Time) -- [ "wizguy007" is active ]
@ Wed Aug 07 2019 00:50:27 GMT+0100 (West Africa Standard Time) -- [ "wizguy007" is active ]
@ Wed Aug 07 2019 01:07:08 GMT+0100 (West Africa Standard Time) -- [ "wizguy007" has signed in. ]
@ Wed Aug 07 2019 01:07:08 GMT+0100 (West Africa Standard Time) -- [ "wizguy007" is active ]
@ Wed Aug 07 2019 01:09:32 GMT+0100 (West Africa Standard Time) -- [ "wizguy007" has signed in. ]
@ Wed Aug 07 2019 01:09:32 GMT+0100 (West Africa Standard Time) -- [ "wizguy007" is active ]
@ Wed Aug 07 2019 01:10:58 GMT+0100 (West Africa Standard Time) -- [ "wizguy007" has signed in. ]
@ Wed Aug 07 2019 01:10:58 GMT+0100 (West Africa Standard Time) -- [ "wizguy007" is active ]
@ Wed Aug 07 2019 01:12:24 GMT+0100 (West Africa Standard Time) -- [ "wizguy007" has signed in. ]
@ Wed Aug 07 2019 01:12:24 GMT+0100 (West Africa Standard Time) -- [ "wizguy007" is active ]
@ Wed Aug 07 2019 01:13:12 GMT+0100 (West Africa Standard Time) -- [ "wizguy007" has signed in. ]
@ Wed Aug 07 2019 01:13:12 GMT+0100 (West Africa Standard Time) -- [ "wizguy007" is active ]
@ Wed Aug 07 2019 01:14:01 GMT+0100 (West Africa Standard Time) -- [ "wizguy007" has signed in. ]
@ Wed Aug 07 2019 01:14:01 GMT+0100 (West Africa Standard Time) -- [ "wizguy007" is active ]
@ Wed Aug 07 2019 01:22:19 GMT+0100 (West Africa Standard Time) -- [ "wizguy007" is active ]
@ Wed Aug 07 2019 01:32:38 GMT+0100 (West Africa Standard Time) -- [ "wizguy007" has signed in. ]
@ Wed Aug 07 2019 01:32:38 GMT+0100 (West Africa Standard Time) -- [ "wizguy007" is active ]
@ Wed Aug 07 2019 01:40:56 GMT+0100 (West Africa Standard Time) -- [ "wizguy007" has signed in. ]
@ Wed Aug 07 2019 01:40:56 GMT+0100 (West Africa Standard Time) -- [ "wizguy007" is active ]
@ Wed Aug 07 2019 01:40:59 GMT+0100 (West Africa Standard Time) -- [ "wizguy007" is active ]
@ Wed Aug 07 2019 01:41:45 GMT+0100 (West Africa Standard Time) -- [ "wizguy007" is active ]
@ Wed Aug 07 2019 01:41:47 GMT+0100 (West Africa Standard Time) -- [ "wizguy007" is active ]
@ Wed Aug 07 2019 01:44:49 GMT+0100 (West Africa Standard Time) -- [ "wizguy007" is active ]
@ Wed Aug 07 2019 01:45:53 GMT+0100 (West Africa Standard Time) -- [ "wizguy007" is active ]
@ Wed Aug 07 2019 01:45:57 GMT+0100 (West Africa Standard Time) -- [ "wizguy007" is active ]
@ Wed Aug 07 2019 01:52:30 GMT+0100 (West Africa Standard Time) -- [ "wizguy007" has signed in. ]
@ Wed Aug 07 2019 01:52:30 GMT+0100 (West Africa Standard Time) -- [ "wizguy007" is active ]
@ Wed Aug 07 2019 02:01:58 GMT+0100 (West Africa Standard Time) -- [ "wizguy007" has signed in. ]
@ Wed Aug 07 2019 02:01:58 GMT+0100 (West Africa Standard Time) -- [ "wizguy007" is active ]
@ Wed Aug 07 2019 02:02:46 GMT+0100 (West Africa Standard Time) -- [ "Cecilia_OHara5" has signed in. ]
@ Wed Aug 07 2019 02:02:46 GMT+0100 (West Africa Standard Time) -- [ "Cecilia_OHara5" is active ]
@ Wed Aug 07 2019 02:04:07 GMT+0100 (West Africa Standard Time) -- [ "wizguy007" has signed in. ]
@ Wed Aug 07 2019 02:04:07 GMT+0100 (West Africa Standard Time) -- [ "wizguy007" is active ]
@ Wed Aug 07 2019 02:04:21 GMT+0100 (West Africa Standard Time) -- [ "Cecilia_OHara5" has signed in. ]
@ Wed Aug 07 2019 02:04:21 GMT+0100 (West Africa Standard Time) -- [ "Cecilia_OHara5" is active ]
@ Wed Aug 07 2019 02:06:29 GMT+0100 (West Africa Standard Time) -- [ "Jerrell_Bednar77" has signed in. ]
@ Wed Aug 07 2019 02:06:29 GMT+0100 (West Africa Standard Time) -- [ "Jerrell_Bednar77" is active ]
@ Wed Aug 07 2019 02:06:45 GMT+0100 (West Africa Standard Time) -- [ "Jerrell_Bednar77" is active ]
@ Wed Aug 07 2019 02:08:06 GMT+0100 (West Africa Standard Time) -- [ "Cecilia_OHara5" is active ]
@ Wed Aug 07 2019 02:08:09 GMT+0100 (West Africa Standard Time) -- [ "Cecilia_OHara5" is active ]
@ Wed Aug 07 2019 02:08:11 GMT+0100 (West Africa Standard Time) -- [ "Cecilia_OHara5" is active ]
@ Wed Aug 07 2019 02:08:14 GMT+0100 (West Africa Standard Time) -- [ "Cecilia_OHara5" is active ]
@ Wed Aug 07 2019 02:08:16 GMT+0100 (West Africa Standard Time) -- [ "Cecilia_OHara5" is active ]
@ Wed Aug 07 2019 02:08:18 GMT+0100 (West Africa Standard Time) -- [ "Cecilia_OHara5" is active ]
@ Wed Aug 07 2019 02:08:21 GMT+0100 (West Africa Standard Time) -- [ "Cecilia_OHara5" is active ]
@ Wed Aug 07 2019 02:13:32 GMT+0100 (West Africa Standard Time) -- [ "Cecilia_OHara5" is active ]
@ Wed Aug 07 2019 02:13:38 GMT+0100 (West Africa Standard Time) -- [ "Cecilia_OHara5" is active ]
@ Wed Aug 07 2019 02:13:40 GMT+0100 (West Africa Standard Time) -- [ "Cecilia_OHara5" is active ]
@ Wed Aug 07 2019 02:13:42 GMT+0100 (West Africa Standard Time) -- [ "Cecilia_OHara5" is active ]
@ Wed Aug 07 2019 02:13:44 GMT+0100 (West Africa Standard Time) -- [ "Cecilia_OHara5" is active ]
@ Wed Aug 07 2019 02:13:46 GMT+0100 (West Africa Standard Time) -- [ "Cecilia_OHara5" is active ]
@ Wed Aug 07 2019 02:13:47 GMT+0100 (West Africa Standard Time) -- [ "Cecilia_OHara5" is active ]
@ Wed Aug 07 2019 02:13:49 GMT+0100 (West Africa Standard Time) -- [ "Cecilia_OHara5" is active ]
@ Wed Aug 07 2019 02:13:50 GMT+0100 (West Africa Standard Time) -- [ "Cecilia_OHara5" is active ]
@ Wed Aug 07 2019 02:13:53 GMT+0100 (West Africa Standard Time) -- [ "Cecilia_OHara5" is active ]
@ Wed Aug 07 2019 02:13:55 GMT+0100 (West Africa Standard Time) -- [ "Cecilia_OHara5" is active ]
@ Wed Aug 07 2019 02:13:57 GMT+0100 (West Africa Standard Time) -- [ "Cecilia_OHara5" is active ]
@ Wed Aug 07 2019 02:14:03 GMT+0100 (West Africa Standard Time) -- [ "Cecilia_OHara5" is active ]
@ Wed Aug 07 2019 02:14:04 GMT+0100 (West Africa Standard Time) -- [ "Cecilia_OHara5" is active ]
@ Wed Aug 07 2019 02:14:07 GMT+0100 (West Africa Standard Time) -- [ "Cecilia_OHara5" is active ]
@ Wed Aug 07 2019 02:14:09 GMT+0100 (West Africa Standard Time) -- [ "Cecilia_OHara5" is active ]
@ Wed Aug 07 2019 02:14:11 GMT+0100 (West Africa Standard Time) -- [ "Cecilia_OHara5" is active ]
@ Wed Aug 07 2019 02:14:39 GMT+0100 (West Africa Standard Time) -- [ "Cecilia_OHara5" is active ]
@ Wed Aug 07 2019 02:14:41 GMT+0100 (West Africa Standard Time) -- [ "Cecilia_OHara5" is active ]
@ Wed Aug 07 2019 02:15:08 GMT+0100 (West Africa Standard Time) -- [ "Cecilia_OHara5" is active ]
@ Wed Aug 07 2019 02:15:10 GMT+0100 (West Africa Standard Time) -- [ "Cecilia_OHara5" is active ]
@ Wed Aug 07 2019 02:15:12 GMT+0100 (West Africa Standard Time) -- [ "Cecilia_OHara5" is active ]
@ Wed Aug 07 2019 02:15:15 GMT+0100 (West Africa Standard Time) -- [ "Cecilia_OHara5" is active ]
@ Wed Aug 07 2019 02:15:17 GMT+0100 (West Africa Standard Time) -- [ "Cecilia_OHara5" is active ]
@ Wed Aug 07 2019 02:15:19 GMT+0100 (West Africa Standard Time) -- [ "Cecilia_OHara5" is active ]
@ Wed Aug 07 2019 02:15:21 GMT+0100 (West Africa Standard Time) -- [ "Cecilia_OHara5" is active ]
@ Wed Aug 07 2019 02:15:23 GMT+0100 (West Africa Standard Time) -- [ "Cecilia_OHara5" is active ]
@ Wed Aug 07 2019 02:15:26 GMT+0100 (West Africa Standard Time) -- [ "Cecilia_OHara5" is active ]
@ Wed Aug 07 2019 02:15:28 GMT+0100 (West Africa Standard Time) -- [ "Cecilia_OHara5" is active ]
@ Wed Aug 07 2019 02:15:32 GMT+0100 (West Africa Standard Time) -- [ "Cecilia_OHara5" is active ]
@ Wed Aug 07 2019 02:15:34 GMT+0100 (West Africa Standard Time) -- [ "Cecilia_OHara5" is active ]
@ Wed Aug 07 2019 02:15:36 GMT+0100 (West Africa Standard Time) -- [ "Cecilia_OHara5" is active ]
@ Wed Aug 07 2019 02:15:37 GMT+0100 (West Africa Standard Time) -- [ "Cecilia_OHara5" is active ]
@ Wed Aug 07 2019 02:15:49 GMT+0100 (West Africa Standard Time) -- [ "Cecilia_OHara5" is active ]
@ Wed Aug 07 2019 02:15:50 GMT+0100 (West Africa Standard Time) -- [ "Cecilia_OHara5" is active ]
@ Wed Aug 07 2019 02:32:37 GMT+0100 (West Africa Standard Time) -- [ "Stephen77" has signed in. ]
@ Wed Aug 07 2019 02:32:37 GMT+0100 (West Africa Standard Time) -- [ "Stephen77" is active ]
@ Wed Aug 07 2019 02:32:37 GMT+0100 (West Africa Standard Time) -- [ "Stephen77" is active ]
@ Wed Aug 07 2019 02:32:37 GMT+0100 (West Africa Standard Time) -- [ "Stephen77" is active ]
@ Wed Aug 07 2019 02:33:02 GMT+0100 (West Africa Standard Time) -- [ "Stephen77" is active ]
@ Wed Aug 07 2019 02:33:05 GMT+0100 (West Africa Standard Time) -- [ "Stephen77" is active ]
@ Wed Aug 07 2019 02:33:07 GMT+0100 (West Africa Standard Time) -- [ "Stephen77" is active ]
@ Wed Aug 07 2019 02:33:07 GMT+0100 (West Africa Standard Time) -- [ "Stephen77" is active ]
@ Wed Aug 07 2019 02:33:08 GMT+0100 (West Africa Standard Time) -- [ "Stephen77" is active ]
@ Wed Aug 07 2019 02:33:09 GMT+0100 (West Africa Standard Time) -- [ "Stephen77" is active ]
@ Wed Aug 07 2019 02:33:09 GMT+0100 (West Africa Standard Time) -- [ "Stephen77" is active ]
@ Wed Aug 07 2019 02:33:57 GMT+0100 (West Africa Standard Time) -- [ "Stephen77" is active ]
@ Wed Aug 07 2019 02:33:59 GMT+0100 (West Africa Standard Time) -- [ "Stephen77" is active ]
@ Wed Aug 07 2019 02:36:26 GMT+0100 (West Africa Standard Time) -- [ "Jerrell_Bednar77" is active ]
@ Wed Aug 07 2019 02:38:09 GMT+0100 (West Africa Standard Time) -- [ "wizguy007" is active ]
@ Wed Aug 07 2019 02:41:29 GMT+0100 (West Africa Standard Time) -- [ "wizguy007" is active ]
@ Wed Aug 07 2019 02:41:38 GMT+0100 (West Africa Standard Time) -- [ "wizguy007" is active ]
@ Wed Aug 07 2019 13:20:42 GMT+0100 (West Africa Standard Time) -- [ "wizguy007" has signed in. ]
@ Wed Aug 07 2019 13:20:42 GMT+0100 (West Africa Standard Time) -- [ "wizguy007" is active ]
@ Wed Aug 07 2019 13:20:51 GMT+0100 (West Africa Standard Time) -- [ "wizguy007" is active ]
@ Wed Aug 07 2019 13:20:52 GMT+0100 (West Africa Standard Time) -- [ "wizguy007" is active ]
@ Wed Aug 07 2019 13:20:53 GMT+0100 (West Africa Standard Time) -- [ "wizguy007" is active ]
@ Wed Aug 07 2019 13:20:59 GMT+0100 (West Africa Standard Time) -- [ "wizguy007" is active ]
@ Wed Aug 07 2019 13:21:00 GMT+0100 (West Africa Standard Time) -- [ "wizguy007" is active ]
@ Wed Aug 07 2019 13:21:02 GMT+0100 (West Africa Standard Time) -- [ "wizguy007" is active ]
@ Wed Aug 07 2019 13:21:03 GMT+0100 (West Africa Standard Time) -- [ "wizguy007" is active ]
@ Wed Aug 07 2019 13:21:07 GMT+0100 (West Africa Standard Time) -- [ "wizguy007" is active ]
@ Wed Aug 07 2019 13:21:34 GMT+0100 (West Africa Standard Time) -- [ "Cecilia_OHara5" has signed in. ]
@ Wed Aug 07 2019 13:21:34 GMT+0100 (West Africa Standard Time) -- [ "Cecilia_OHara5" is active ]
@ Wed Aug 07 2019 13:22:02 GMT+0100 (West Africa Standard Time) -- [ "Cecilia_OHara5" is active ]
@ Wed Aug 07 2019 13:22:14 GMT+0100 (West Africa Standard Time) -- [ "Cecilia_OHara5" is active ]
@ Wed Aug 07 2019 13:22:15 GMT+0100 (West Africa Standard Time) -- [ "Cecilia_OHara5" is active ]
@ Wed Aug 07 2019 13:22:17 GMT+0100 (West Africa Standard Time) -- [ "Cecilia_OHara5" is active ]
@ Wed Aug 07 2019 13:22:26 GMT+0100 (West Africa Standard Time) -- [ "Cecilia_OHara5" is active ]
@ Wed Aug 07 2019 13:22:28 GMT+0100 (West Africa Standard Time) -- [ "Cecilia_OHara5" is active ]
@ Wed Aug 07 2019 13:22:30 GMT+0100 (West Africa Standard Time) -- [ "Cecilia_OHara5" is active ]
@ Wed Aug 07 2019 13:22:32 GMT+0100 (West Africa Standard Time) -- [ "Cecilia_OHara5" is active ]
@ Wed Aug 07 2019 13:22:35 GMT+0100 (West Africa Standard Time) -- [ "Cecilia_OHara5" is active ]
@ Wed Aug 07 2019 13:22:36 GMT+0100 (West Africa Standard Time) -- [ "Cecilia_OHara5" is active ]
@ Wed Aug 07 2019 13:22:38 GMT+0100 (West Africa Standard Time) -- [ "Cecilia_OHara5" is active ]
@ Wed Aug 07 2019 13:23:01 GMT+0100 (West Africa Standard Time) -- [ "wizguy007" is active ]
@ Wed Aug 07 2019 13:23:07 GMT+0100 (West Africa Standard Time) -- [ "wizguy007" is active ]
@ Wed Aug 07 2019 13:23:07 GMT+0100 (West Africa Standard Time) -- [ "wizguy007" has signed out. ]
@ Wed Aug 07 2019 13:23:18 GMT+0100 (West Africa Standard Time) -- [ "Jerrell_Bednar77" has signed in. ]
@ Wed Aug 07 2019 13:23:18 GMT+0100 (West Africa Standard Time) -- [ "Jerrell_Bednar77" is active ]
