@ Sun Aug 04 2019 00:47:59 GMT+0100 (West Africa Standard Time) -- [ GET /auth/0/signup ]
@ Sun Aug 04 2019 00:47:59 GMT+0100 (West Africa Standard Time) -- [ GET /components/css/bootstrap.min.css ]
@ Sun Aug 04 2019 00:47:59 GMT+0100 (West Africa Standard Time) -- [ GET /components/css/icons.css ]
@ Sun Aug 04 2019 00:47:59 GMT+0100 (West Africa Standard Time) -- [ GET /components/css/metismenu.min.css ]
@ Sun Aug 04 2019 00:47:59 GMT+0100 (West Africa Standard Time) -- [ GET /components/css/style.css ]
@ Sun Aug 04 2019 00:47:59 GMT+0100 (West Africa Standard Time) -- [ GET /lib/css/app/main.css ]
@ Sun Aug 04 2019 00:47:59 GMT+0100 (West Africa Standard Time) -- [ GET /lib/css/app/mobile.css ]
@ Sun Aug 04 2019 00:47:59 GMT+0100 (West Africa Standard Time) -- [ GET /components/js/modernizr.min.js ]
@ Sun Aug 04 2019 00:47:59 GMT+0100 (West Africa Standard Time) -- [ GET /components/js/jquery.min.js ]
@ Sun Aug 04 2019 00:47:59 GMT+0100 (West Africa Standard Time) -- [ GET /components/js/popper.min.js ]
@ Sun Aug 04 2019 00:47:59 GMT+0100 (West Africa Standard Time) -- [ GET /components/js/bootstrap.min.js ]
@ Sun Aug 04 2019 00:47:59 GMT+0100 (West Africa Standard Time) -- [ GET /components/js/metisMenu.min.js ]
@ Sun Aug 04 2019 00:47:59 GMT+0100 (West Africa Standard Time) -- [ GET /components/js/waves.js ]
@ Sun Aug 04 2019 00:47:59 GMT+0100 (West Africa Standard Time) -- [ GET /components/js/jquery.slimscroll.js ]
@ Sun Aug 04 2019 00:48:00 GMT+0100 (West Africa Standard Time) -- [ GET /components/js/sweetalert.js ]
@ Sun Aug 04 2019 00:48:00 GMT+0100 (West Africa Standard Time) -- [ GET /lib/scripts/index.js ]
@ Sun Aug 04 2019 00:48:00 GMT+0100 (West Africa Standard Time) -- [ GET /lib/scripts/app/main.js ]
@ Sun Aug 04 2019 00:48:00 GMT+0100 (West Africa Standard Time) -- [ GET /lib/scripts/app/alert.js ]
@ Sun Aug 04 2019 00:48:00 GMT+0100 (West Africa Standard Time) -- [ GET /components/js/jquery.core.js ]
@ Sun Aug 04 2019 00:48:00 GMT+0100 (West Africa Standard Time) -- [ GET /components/js/jquery.app.js ]
@ Sun Aug 04 2019 00:48:00 GMT+0100 (West Africa Standard Time) -- [ GET /components/js/jquery.min.js ]
@ Sun Aug 04 2019 00:48:00 GMT+0100 (West Africa Standard Time) -- [ GET /components/js/popper.min.js ]
@ Sun Aug 04 2019 00:48:00 GMT+0100 (West Africa Standard Time) -- [ GET /components/js/bootstrap.min.js ]
@ Sun Aug 04 2019 00:48:00 GMT+0100 (West Africa Standard Time) -- [ GET /components/js/metisMenu.min.js ]
@ Sun Aug 04 2019 00:48:00 GMT+0100 (West Africa Standard Time) -- [ GET /components/js/waves.js ]
@ Sun Aug 04 2019 00:48:00 GMT+0100 (West Africa Standard Time) -- [ GET /components/js/jquery.slimscroll.js ]
@ Sun Aug 04 2019 00:48:00 GMT+0100 (West Africa Standard Time) -- [ GET /components/js/sweetalert.js ]
@ Sun Aug 04 2019 00:48:00 GMT+0100 (West Africa Standard Time) -- [ GET /lib/scripts/index.js ]
@ Sun Aug 04 2019 00:48:00 GMT+0100 (West Africa Standard Time) -- [ GET /lib/scripts/app/main.js ]
@ Sun Aug 04 2019 00:48:00 GMT+0100 (West Africa Standard Time) -- [ GET /lib/scripts/app/alert.js ]
@ Sun Aug 04 2019 00:48:00 GMT+0100 (West Africa Standard Time) -- [ GET /components/js/jquery.core.js ]
@ Sun Aug 04 2019 00:48:00 GMT+0100 (West Africa Standard Time) -- [ GET /components/js/jquery.app.js ]
@ Sun Aug 04 2019 00:48:02 GMT+0100 (West Africa Standard Time) -- [ GET /auth/0/signup ]
@ Sun Aug 04 2019 00:48:03 GMT+0100 (West Africa Standard Time) -- [ GET /components/css/bootstrap.min.css ]
@ Sun Aug 04 2019 00:48:03 GMT+0100 (West Africa Standard Time) -- [ GET /components/css/icons.css ]
@ Sun Aug 04 2019 00:48:03 GMT+0100 (West Africa Standard Time) -- [ GET /components/css/metismenu.min.css ]
@ Sun Aug 04 2019 00:48:03 GMT+0100 (West Africa Standard Time) -- [ GET /components/css/style.css ]
@ Sun Aug 04 2019 00:48:03 GMT+0100 (West Africa Standard Time) -- [ GET /lib/css/app/main.css ]
@ Sun Aug 04 2019 00:48:03 GMT+0100 (West Africa Standard Time) -- [ GET /lib/css/app/mobile.css ]
@ Sun Aug 04 2019 00:48:03 GMT+0100 (West Africa Standard Time) -- [ GET /components/js/modernizr.min.js ]
@ Sun Aug 04 2019 00:48:03 GMT+0100 (West Africa Standard Time) -- [ GET /components/js/jquery.min.js ]
@ Sun Aug 04 2019 00:48:03 GMT+0100 (West Africa Standard Time) -- [ GET /components/js/popper.min.js ]
@ Sun Aug 04 2019 00:48:03 GMT+0100 (West Africa Standard Time) -- [ GET /components/js/bootstrap.min.js ]
@ Sun Aug 04 2019 00:48:03 GMT+0100 (West Africa Standard Time) -- [ GET /components/js/metisMenu.min.js ]
@ Sun Aug 04 2019 00:48:03 GMT+0100 (West Africa Standard Time) -- [ GET /components/js/waves.js ]
@ Sun Aug 04 2019 00:48:03 GMT+0100 (West Africa Standard Time) -- [ GET /components/js/jquery.slimscroll.js ]
@ Sun Aug 04 2019 00:48:03 GMT+0100 (West Africa Standard Time) -- [ GET /components/js/sweetalert.js ]
@ Sun Aug 04 2019 00:48:03 GMT+0100 (West Africa Standard Time) -- [ GET /lib/scripts/index.js ]
@ Sun Aug 04 2019 00:48:03 GMT+0100 (West Africa Standard Time) -- [ GET /lib/scripts/app/main.js ]
@ Sun Aug 04 2019 00:48:03 GMT+0100 (West Africa Standard Time) -- [ GET /lib/scripts/app/alert.js ]
@ Sun Aug 04 2019 00:48:03 GMT+0100 (West Africa Standard Time) -- [ GET /components/js/jquery.core.js ]
@ Sun Aug 04 2019 00:48:03 GMT+0100 (West Africa Standard Time) -- [ GET /components/js/jquery.app.js ]
@ Sun Aug 04 2019 00:48:03 GMT+0100 (West Africa Standard Time) -- [ GET /components/js/metisMenu.min.js ]
@ Sun Aug 04 2019 00:48:03 GMT+0100 (West Africa Standard Time) -- [ GET /components/js/waves.js ]
@ Sun Aug 04 2019 00:48:03 GMT+0100 (West Africa Standard Time) -- [ GET /components/js/jquery.slimscroll.js ]
@ Sun Aug 04 2019 00:48:03 GMT+0100 (West Africa Standard Time) -- [ GET /components/js/sweetalert.js ]
@ Sun Aug 04 2019 00:48:03 GMT+0100 (West Africa Standard Time) -- [ GET /lib/scripts/index.js ]
@ Sun Aug 04 2019 00:48:03 GMT+0100 (West Africa Standard Time) -- [ GET /lib/scripts/app/main.js ]
@ Sun Aug 04 2019 00:48:03 GMT+0100 (West Africa Standard Time) -- [ GET /lib/scripts/app/alert.js ]
@ Sun Aug 04 2019 00:48:03 GMT+0100 (West Africa Standard Time) -- [ GET /components/js/jquery.core.js ]
@ Sun Aug 04 2019 00:48:03 GMT+0100 (West Africa Standard Time) -- [ GET /components/js/jquery.app.js ]
