@ Wed Aug 07 2019 13:28:53 GMT+0100 (West Africa Standard Time) -- [ GET /socket.io/?EIO=3&transport=polling&t=Mni3RIo ]
@ Wed Aug 07 2019 13:28:55 GMT+0100 (West Africa Standard Time) -- [ GET /socket.io/?EIO=3&transport=polling&t=Mni3Rs8 ]
@ Wed Aug 07 2019 13:28:58 GMT+0100 (West Africa Standard Time) -- [ GET /socket.io/?EIO=3&transport=polling&t=Mni3SWw ]
@ Wed Aug 07 2019 13:29:00 GMT+0100 (West Africa Standard Time) -- [ GET /socket.io/?EIO=3&transport=polling&t=Mni3T4t ]
@ Wed Aug 07 2019 13:29:04 GMT+0100 (West Africa Standard Time) -- [ GET /socket.io/?EIO=3&transport=polling&t=Mni3T_0 ]
@ Wed Aug 07 2019 13:29:05 GMT+0100 (West Africa Standard Time) -- [ GET /socket.io/?EIO=3&transport=polling&t=Mni3UJX ]
@ Wed Aug 07 2019 13:29:10 GMT+0100 (West Africa Standard Time) -- [ GET /socket.io/?EIO=3&transport=polling&t=Mni3VSR ]
@ Wed Aug 07 2019 13:29:10 GMT+0100 (West Africa Standard Time) -- [ GET /socket.io/?EIO=3&transport=polling&t=Mni3VYB ]
@ Wed Aug 07 2019 13:29:15 GMT+0100 (West Africa Standard Time) -- [ GET /socket.io/?EIO=3&transport=polling&t=Mni3Wmq ]
@ Wed Aug 07 2019 13:29:16 GMT+0100 (West Africa Standard Time) -- [ GET /socket.io/?EIO=3&transport=polling&t=Mni3WwA ]
@ Wed Aug 07 2019 13:29:20 GMT+0100 (West Africa Standard Time) -- [ GET /socket.io/?EIO=3&transport=polling&t=Mni3X_P ]
@ Wed Aug 07 2019 13:29:22 GMT+0100 (West Africa Standard Time) -- [ GET /socket.io/?EIO=3&transport=polling&t=Mni3YNw ]
@ Wed Aug 07 2019 13:29:25 GMT+0100 (West Africa Standard Time) -- [ GET /socket.io/?EIO=3&transport=polling&t=Mni3ZE2 ]
@ Wed Aug 07 2019 13:29:28 GMT+0100 (West Africa Standard Time) -- [ GET /socket.io/?EIO=3&transport=polling&t=Mni3Zrg ]
@ Wed Aug 07 2019 13:29:30 GMT+0100 (West Africa Standard Time) -- [ GET /socket.io/?EIO=3&transport=polling&t=Mni3aSb ]
@ Wed Aug 07 2019 13:29:34 GMT+0100 (West Africa Standard Time) -- [ GET /socket.io/?EIO=3&transport=polling&t=Mni3bJQ ]
@ Wed Aug 07 2019 13:29:35 GMT+0100 (West Africa Standard Time) -- [ GET /socket.io/?EIO=3&transport=polling&t=Mni3bhF ]
@ Wed Aug 07 2019 13:29:40 GMT+0100 (West Africa Standard Time) -- [ GET /socket.io/?EIO=3&transport=polling&t=Mni3cnB ]
@ Wed Aug 07 2019 13:29:40 GMT+0100 (West Africa Standard Time) -- [ GET /socket.io/?EIO=3&transport=polling&t=Mni3cvu ]
@ Wed Aug 07 2019 13:29:45 GMT+0100 (West Africa Standard Time) -- [ GET /socket.io/?EIO=3&transport=polling&t=Mni3e8S ]
@ Wed Aug 07 2019 13:29:46 GMT+0100 (West Africa Standard Time) -- [ GET /socket.io/?EIO=3&transport=polling&t=Mni3eEx ]
@ Wed Aug 07 2019 13:29:50 GMT+0100 (West Africa Standard Time) -- [ GET /socket.io/?EIO=3&transport=polling&t=Mni3fMy ]
@ Wed Aug 07 2019 13:29:52 GMT+0100 (West Africa Standard Time) -- [ GET /socket.io/?EIO=3&transport=polling&t=Mni3fih ]
@ Wed Aug 07 2019 13:29:55 GMT+0100 (West Africa Standard Time) -- [ GET /socket.io/?EIO=3&transport=polling&t=Mni3gbV ]
@ Wed Aug 07 2019 13:29:58 GMT+0100 (West Africa Standard Time) -- [ GET /socket.io/?EIO=3&transport=polling&t=Mni3hAQ ]
@ Wed Aug 07 2019 13:30:01 GMT+0100 (West Africa Standard Time) -- [ GET /socket.io/?EIO=3&transport=polling&t=Mni3hq8 ]
@ Wed Aug 07 2019 13:30:04 GMT+0100 (West Africa Standard Time) -- [ GET /socket.io/?EIO=3&transport=polling&t=Mni3ieB ]
@ Wed Aug 07 2019 13:30:06 GMT+0100 (West Africa Standard Time) -- [ GET /socket.io/?EIO=3&transport=polling&t=Mni3j4t ]
@ Wed Aug 07 2019 13:30:10 GMT+0100 (West Africa Standard Time) -- [ GET /socket.io/?EIO=3&transport=polling&t=Mni3k5w ]
@ Wed Aug 07 2019 13:30:11 GMT+0100 (West Africa Standard Time) -- [ GET /socket.io/?EIO=3&transport=polling&t=Mni3kJZ ]
@ Wed Aug 07 2019 13:30:16 GMT+0100 (West Africa Standard Time) -- [ GET /socket.io/?EIO=3&transport=polling&t=Mni3lY6 ]
@ Wed Aug 07 2019 13:30:16 GMT+0100 (West Africa Standard Time) -- [ GET /socket.io/?EIO=3&transport=polling&t=Mni3lZh ]
@ Wed Aug 07 2019 13:30:21 GMT+0100 (West Africa Standard Time) -- [ GET /socket.io/?EIO=3&transport=polling&t=Mni3mmh ]
@ Wed Aug 07 2019 13:30:22 GMT+0100 (West Africa Standard Time) -- [ GET /socket.io/?EIO=3&transport=polling&t=Mni3n1Q ]
@ Wed Aug 07 2019 13:30:26 GMT+0100 (West Africa Standard Time) -- [ GET /socket.io/?EIO=3&transport=polling&t=Mni3n_F ]
