@ Wed Jul 10 2019 13:18:39 GMT+0100 (West Africa Standard Time) -- [ A new account just signed up, "@successjxx7mcf3" ]
@ Wed Jul 10 2019 13:18:39 GMT+0100 (West Africa Standard Time) -- [ "successjxx7mcf3" is active ]
@ Wed Jul 10 2019 13:21:04 GMT+0100 (West Africa Standard Time) -- [ "successjxx7mcf3" is active ]
@ Wed Jul 10 2019 13:24:44 GMT+0100 (West Africa Standard Time) -- [ "successjxx7mcf3" is active ]
@ Wed Jul 10 2019 13:25:12 GMT+0100 (West Africa Standard Time) -- [ "successjxx7mcf3" is active ]
@ Wed Jul 10 2019 13:29:50 GMT+0100 (West Africa Standard Time) -- [ "successjxx7mcf3" is active ]
@ Wed Jul 10 2019 13:38:04 GMT+0100 (West Africa Standard Time) -- [ "successjxx7mcf3" is active ]
@ Wed Jul 10 2019 13:38:38 GMT+0100 (West Africa Standard Time) -- [ "successjxx7mcf3" is active ]
@ Wed Jul 10 2019 13:39:02 GMT+0100 (West Africa Standard Time) -- [ "successjxx7mcf3" has signed out. ]
@ Wed Jul 10 2019 13:39:10 GMT+0100 (West Africa Standard Time) -- [ "successjxx7mcf3" signed in via Google... ]
@ Wed Jul 10 2019 13:39:10 GMT+0100 (West Africa Standard Time) -- [ "successjxx7mcf3" is active ]
@ Wed Jul 10 2019 13:39:30 GMT+0100 (West Africa Standard Time) -- [ "successjxx7mcf3" is active ]
@ Wed Jul 10 2019 13:43:37 GMT+0100 (West Africa Standard Time) -- [ "successjxx7mcf3" is active ]
@ Wed Jul 10 2019 13:46:03 GMT+0100 (West Africa Standard Time) -- [ "successjxx7mcf3" is active ]
@ Wed Jul 10 2019 13:46:14 GMT+0100 (West Africa Standard Time) -- [ "successjxx7mcf3" has signed out. ]
@ Wed Jul 10 2019 13:46:19 GMT+0100 (West Africa Standard Time) -- [ "successjxx7mcf3" signed in via Google... ]
@ Wed Jul 10 2019 13:46:19 GMT+0100 (West Africa Standard Time) -- [ "successjxx7mcf3" is active ]
@ Wed Jul 10 2019 13:46:37 GMT+0100 (West Africa Standard Time) -- [ "successjxx7mcf3" has signed out. ]
@ Wed Jul 10 2019 13:48:59 GMT+0100 (West Africa Standard Time) -- [ "successjxx7mcf3" signed in via Google... ]
@ Wed Jul 10 2019 13:48:59 GMT+0100 (West Africa Standard Time) -- [ "successjxx7mcf3" is active ]
@ Wed Jul 10 2019 13:51:00 GMT+0100 (West Africa Standard Time) -- [ "successjxx7mcf3" is active ]
@ Wed Jul 10 2019 13:51:14 GMT+0100 (West Africa Standard Time) -- [ "successjxx7mcf3" is active ]
@ Wed Jul 10 2019 13:51:19 GMT+0100 (West Africa Standard Time) -- [ "successjxx7mcf3" is active ]
@ Wed Jul 10 2019 13:51:52 GMT+0100 (West Africa Standard Time) -- [ "successjxx7mcf3" is active ]
@ Wed Jul 10 2019 20:31:41 GMT+0100 (West Africa Standard Time) -- [ "successjxx7mcf3" is active ]
@ Wed Jul 10 2019 20:31:54 GMT+0100 (West Africa Standard Time) -- [ "successjxx7mcf3" has signed out. ]
@ Thu Jul 11 2019 01:05:13 GMT+0100 (West Africa Standard Time) -- [ "successjxx7mcf3" signed in via Google... ]
@ Thu Jul 11 2019 01:05:13 GMT+0100 (West Africa Standard Time) -- [ "successjxx7mcf3" is active ]
@ Thu Jul 11 2019 01:06:09 GMT+0100 (West Africa Standard Time) -- [ "successjxx7mcf3" is active ]
@ Thu Jul 11 2019 01:06:29 GMT+0100 (West Africa Standard Time) -- [ "successjxx7mcf3" is active ]
@ Thu Jul 11 2019 01:07:00 GMT+0100 (West Africa Standard Time) -- [ "successjxx7mcf3" is active ]
@ Thu Jul 11 2019 01:07:15 GMT+0100 (West Africa Standard Time) -- [ "successjxx7mcf3" is active ]
@ Thu Jul 11 2019 01:07:19 GMT+0100 (West Africa Standard Time) -- [ "successjxx7mcf3" is active ]
@ Thu Jul 11 2019 01:07:29 GMT+0100 (West Africa Standard Time) -- [ "successjxx7mcf3" is active ]
@ Thu Jul 11 2019 01:14:25 GMT+0100 (West Africa Standard Time) -- [ "successjxx7mcf3" is active ]
@ Thu Jul 11 2019 01:14:36 GMT+0100 (West Africa Standard Time) -- [ "successjxx7mcf3" is active ]
@ Thu Jul 11 2019 01:14:59 GMT+0100 (West Africa Standard Time) -- [ "successjxx7mcf3" is active ]
@ Thu Jul 11 2019 01:15:04 GMT+0100 (West Africa Standard Time) -- [ "successjxx7mcf3" is active ]
@ Thu Jul 11 2019 01:15:28 GMT+0100 (West Africa Standard Time) -- [ "successjxx7mcf3" is active ]
@ Thu Jul 11 2019 01:15:44 GMT+0100 (West Africa Standard Time) -- [ "successjxx7mcf3" is active ]
@ Thu Jul 11 2019 01:16:21 GMT+0100 (West Africa Standard Time) -- [ "successjxx7mcf3" is active ]
@ Thu Jul 11 2019 01:20:26 GMT+0100 (West Africa Standard Time) -- [ "successjxx7mcf3" is active ]
@ Thu Jul 11 2019 01:20:53 GMT+0100 (West Africa Standard Time) -- [ "successjxx7mcf3" is active ]
@ Thu Jul 11 2019 01:20:57 GMT+0100 (West Africa Standard Time) -- [ "successjxx7mcf3" is active ]
@ Thu Jul 11 2019 01:21:06 GMT+0100 (West Africa Standard Time) -- [ "successjxx7mcf3" is active ]
@ Thu Jul 11 2019 01:21:08 GMT+0100 (West Africa Standard Time) -- [ "successjxx7mcf3" is active ]
@ Thu Jul 11 2019 01:21:31 GMT+0100 (West Africa Standard Time) -- [ "successjxx7mcf3" is active ]
@ Thu Jul 11 2019 01:21:48 GMT+0100 (West Africa Standard Time) -- [ "successjxx7mcf3" is active ]
@ Thu Jul 11 2019 01:21:50 GMT+0100 (West Africa Standard Time) -- [ "successjxx7mcf3" is active ]
@ Thu Jul 11 2019 01:22:39 GMT+0100 (West Africa Standard Time) -- [ "successjxx7mcf3" is active ]
@ Thu Jul 11 2019 01:23:13 GMT+0100 (West Africa Standard Time) -- [ "successjxx7mcf3" is active ]
@ Thu Jul 11 2019 01:23:15 GMT+0100 (West Africa Standard Time) -- [ "successjxx7mcf3" is active ]
@ Thu Jul 11 2019 01:23:16 GMT+0100 (West Africa Standard Time) -- [ "successjxx7mcf3" is active ]
@ Thu Jul 11 2019 01:23:16 GMT+0100 (West Africa Standard Time) -- [ "successjxx7mcf3" is active ]
@ Thu Jul 11 2019 01:23:16 GMT+0100 (West Africa Standard Time) -- [ "successjxx7mcf3" is active ]
@ Thu Jul 11 2019 01:23:32 GMT+0100 (West Africa Standard Time) -- [ "successjxx7mcf3" is active ]
@ Thu Jul 11 2019 01:23:50 GMT+0100 (West Africa Standard Time) -- [ "successjxx7mcf3" is active ]
@ Thu Jul 11 2019 01:24:06 GMT+0100 (West Africa Standard Time) -- [ "successjxx7mcf3" is active ]
@ Thu Jul 11 2019 01:24:15 GMT+0100 (West Africa Standard Time) -- [ "successjxx7mcf3" is active ]
@ Thu Jul 11 2019 01:24:21 GMT+0100 (West Africa Standard Time) -- [ "successjxx7mcf3" is active ]
@ Thu Jul 11 2019 01:24:34 GMT+0100 (West Africa Standard Time) -- [ "successjxx7mcf3" is active ]
@ Thu Jul 11 2019 01:24:47 GMT+0100 (West Africa Standard Time) -- [ "successjxx7mcf3" is active ]
@ Thu Jul 11 2019 01:24:56 GMT+0100 (West Africa Standard Time) -- [ "successjxx7mcf3" is active ]
@ Thu Jul 11 2019 01:25:01 GMT+0100 (West Africa Standard Time) -- [ "successjxx7mcf3" is active ]
@ Thu Jul 11 2019 01:25:15 GMT+0100 (West Africa Standard Time) -- [ "successjxx7mcf3" is active ]
@ Thu Jul 11 2019 01:25:27 GMT+0100 (West Africa Standard Time) -- [ "successjxx7mcf3" is active ]
@ Thu Jul 11 2019 01:25:41 GMT+0100 (West Africa Standard Time) -- [ "successjxx7mcf3" is active ]
@ Thu Jul 11 2019 01:26:01 GMT+0100 (West Africa Standard Time) -- [ "successjxx7mcf3" is active ]
@ Thu Jul 11 2019 01:26:07 GMT+0100 (West Africa Standard Time) -- [ "successjxx7mcf3" is active ]
@ Thu Jul 11 2019 01:26:21 GMT+0100 (West Africa Standard Time) -- [ "successjxx7mcf3" is active ]
@ Thu Jul 11 2019 21:16:15 GMT+0100 (West Africa Standard Time) -- [ A new account just signed up, "@leonard.cohen" ]
@ Thu Jul 11 2019 21:16:28 GMT+0100 (West Africa Standard Time) -- [ "leonard.cohen" is active ]
@ Thu Jul 11 2019 21:16:54 GMT+0100 (West Africa Standard Time) -- [ "leonard.cohen" is active ]
@ Thu Jul 11 2019 21:16:58 GMT+0100 (West Africa Standard Time) -- [ "leonard.cohen" is active ]
@ Thu Jul 11 2019 21:17:00 GMT+0100 (West Africa Standard Time) -- [ "leonard.cohen" is active ]
@ Fri Jul 12 2019 21:21:50 GMT+0100 (West Africa Standard Time) -- [ "leonard.cohen" is active ]
@ Fri Jul 12 2019 22:23:56 GMT+0100 (West Africa Standard Time) -- [ "leonard.cohen" is active ]
@ Fri Jul 12 2019 22:24:51 GMT+0100 (West Africa Standard Time) -- [ "leonard.cohen" is active ]
@ Fri Jul 12 2019 22:25:01 GMT+0100 (West Africa Standard Time) -- [ "leonard.cohen" is active ]
@ Fri Jul 12 2019 22:25:14 GMT+0100 (West Africa Standard Time) -- [ "leonard.cohen" is active ]
